{"C:\\Z-PERS\\histria-js\\index.js":{"path":"C:\\Z-PERS\\histria-js\\index.js","statementMap":{"0":{"start":{"line":2,"column":0},"end":{"line":2,"column":62}},"1":{"start":{"line":3,"column":20},"end":{"line":3,"column":54}},"2":{"start":{"line":4,"column":0},"end":{"line":4,"column":42}},"3":{"start":{"line":5,"column":18},"end":{"line":5,"column":50}},"4":{"start":{"line":6,"column":0},"end":{"line":6,"column":32}},"5":{"start":{"line":7,"column":24},"end":{"line":7,"column":69}},"6":{"start":{"line":8,"column":0},"end":{"line":8,"column":58}},"7":{"start":{"line":9,"column":23},"end":{"line":9,"column":67}},"8":{"start":{"line":10,"column":0},"end":{"line":10,"column":55}},"9":{"start":{"line":11,"column":20},"end":{"line":11,"column":61}},"10":{"start":{"line":12,"column":0},"end":{"line":12,"column":46}},"11":{"start":{"line":13,"column":22},"end":{"line":13,"column":58}},"12":{"start":{"line":14,"column":0},"end":{"line":14,"column":52}},"13":{"start":{"line":15,"column":20},"end":{"line":15,"column":56}},"14":{"start":{"line":16,"column":0},"end":{"line":16,"column":48}},"15":{"start":{"line":17,"column":22},"end":{"line":17,"column":68}},"16":{"start":{"line":18,"column":0},"end":{"line":18,"column":64}},"17":{"start":{"line":19,"column":0},"end":{"line":19,"column":64}},"18":{"start":{"line":20,"column":0},"end":{"line":20,"column":60}},"19":{"start":{"line":21,"column":19},"end":{"line":21,"column":58}},"20":{"start":{"line":22,"column":0},"end":{"line":22,"column":47}},"21":{"start":{"line":23,"column":0},"end":{"line":23,"column":39}},"22":{"start":{"line":24,"column":0},"end":{"line":24,"column":39}},"23":{"start":{"line":25,"column":0},"end":{"line":25,"column":41}},"24":{"start":{"line":26,"column":0},"end":{"line":26,"column":33}},"25":{"start":{"line":27,"column":0},"end":{"line":27,"column":35}},"26":{"start":{"line":28,"column":0},"end":{"line":28,"column":43}},"27":{"start":{"line":29,"column":0},"end":{"line":29,"column":41}},"28":{"start":{"line":30,"column":0},"end":{"line":30,"column":39}},"29":{"start":{"line":31,"column":0},"end":{"line":31,"column":37}},"30":{"start":{"line":32,"column":0},"end":{"line":32,"column":41}},"31":{"start":{"line":33,"column":0},"end":{"line":33,"column":39}},"32":{"start":{"line":34,"column":0},"end":{"line":34,"column":37}},"33":{"start":{"line":35,"column":0},"end":{"line":35,"column":35}},"34":{"start":{"line":36,"column":14},"end":{"line":36,"column":49}},"35":{"start":{"line":37,"column":0},"end":{"line":37,"column":30}},"36":{"start":{"line":38,"column":0},"end":{"line":38,"column":42}},"37":{"start":{"line":39,"column":0},"end":{"line":39,"column":34}},"38":{"start":{"line":40,"column":0},"end":{"line":40,"column":44}},"39":{"start":{"line":41,"column":0},"end":{"line":41,"column":44}},"40":{"start":{"line":42,"column":0},"end":{"line":42,"column":38}},"41":{"start":{"line":43,"column":0},"end":{"line":43,"column":42}},"42":{"start":{"line":44,"column":0},"end":{"line":44,"column":38}},"43":{"start":{"line":45,"column":0},"end":{"line":45,"column":46}},"44":{"start":{"line":46,"column":0},"end":{"line":46,"column":46}},"45":{"start":{"line":47,"column":0},"end":{"line":47,"column":48}},"46":{"start":{"line":48,"column":15},"end":{"line":48,"column":50}},"47":{"start":{"line":49,"column":0},"end":{"line":49,"column":45}},"48":{"start":{"line":50,"column":0},"end":{"line":50,"column":43}},"49":{"start":{"line":51,"column":13},"end":{"line":51,"column":46}},"50":{"start":{"line":52,"column":0},"end":{"line":52,"column":37}},"51":{"start":{"line":53,"column":18},"end":{"line":53,"column":56}},"52":{"start":{"line":54,"column":0},"end":{"line":54,"column":50}},"53":{"start":{"line":55,"column":11},"end":{"line":55,"column":42}},"54":{"start":{"line":56,"column":0},"end":{"line":56,"column":31}},"55":{"start":{"line":57,"column":17},"end":{"line":57,"column":53}},"56":{"start":{"line":58,"column":0},"end":{"line":58,"column":51}},"57":{"start":{"line":59,"column":22},"end":{"line":59,"column":66}},"58":{"start":{"line":60,"column":0},"end":{"line":60,"column":62}}},"fnMap":{},"branchMap":{},"s":{"0":1,"1":1,"2":1,"3":1,"4":1,"5":1,"6":1,"7":1,"8":1,"9":1,"10":1,"11":1,"12":1,"13":1,"14":1,"15":1,"16":1,"17":1,"18":1,"19":1,"20":1,"21":1,"22":1,"23":1,"24":1,"25":1,"26":1,"27":1,"28":1,"29":1,"30":1,"31":1,"32":1,"33":1,"34":1,"35":1,"36":1,"37":1,"38":1,"39":1,"40":1,"41":1,"42":1,"43":1,"44":1,"45":1,"46":1,"47":1,"48":1,"49":1,"50":1,"51":1,"52":1,"53":1,"54":1,"55":1,"56":1,"57":1,"58":1},"f":{},"b":{},"_coverageSchema":"43e27e138ebf9cfc5966b082cf9a028302ed4184","hash":"953ec846da866ed4ea1b2170e8d578fa5d6a71f3","contentHash":"a4a090e593786930fb74612f585d6225"},"C:\\Z-PERS\\histria-js\\lib\\model\\base-object.js":{"path":"C:\\Z-PERS\\histria-js\\lib\\model\\base-object.js","statementMap":{"0":{"start":{"line":2,"column":0},"end":{"line":2,"column":62}},"1":{"start":{"line":3,"column":23},"end":{"line":3,"column":48}},"2":{"start":{"line":6,"column":0},"end":{"line":6,"column":28}}},"fnMap":{},"branchMap":{},"s":{"0":1,"1":1,"2":1},"f":{},"b":{},"_coverageSchema":"43e27e138ebf9cfc5966b082cf9a028302ed4184","hash":"81074b91530638ecde8c626cbbd7d7e70365b97a","contentHash":"311d0da11fa443edfcea40cca190a30b"},"C:\\Z-PERS\\histria-js\\lib\\model\\model-object.js":{"path":"C:\\Z-PERS\\histria-js\\lib\\model\\model-object.js","statementMap":{"0":{"start":{"line":2,"column":0},"end":{"line":2,"column":62}},"1":{"start":{"line":3,"column":21},"end":{"line":3,"column":44}},"2":{"start":{"line":4,"column":23},"end":{"line":4,"column":58}},"3":{"start":{"line":5,"column":26},"end":{"line":5,"column":64}},"4":{"start":{"line":6,"column":24},"end":{"line":6,"column":60}},"5":{"start":{"line":7,"column":24},"end":{"line":7,"column":48}},"6":{"start":{"line":8,"column":24},"end":{"line":8,"column":50}},"7":{"start":{"line":9,"column":17},"end":{"line":9,"column":42}},"8":{"start":{"line":10,"column":15},"end":{"line":10,"column":38}},"9":{"start":{"line":11,"column":20},"end":{"line":11,"column":48}},"10":{"start":{"line":12,"column":13},"end":{"line":12,"column":34}},"11":{"start":{"line":13,"column":24},"end":{"line":13,"column":50}},"12":{"start":{"line":14,"column":13},"end":{"line":14,"column":28}},"13":{"start":{"line":15,"column":13},"end":{"line":15,"column":28}},"14":{"start":{"line":18,"column":21},"end":{"line":18,"column":25}},"15":{"start":{"line":19,"column":8},"end":{"line":19,"column":48}},"16":{"start":{"line":20,"column":8},"end":{"line":20,"column":97}},"17":{"start":{"line":23,"column":21},"end":{"line":23,"column":25}},"18":{"start":{"line":24,"column":8},"end":{"line":28,"column":9}},"19":{"start":{"line":25,"column":26},"end":{"line":25,"column":89}},"20":{"start":{"line":25,"column":61},"end":{"line":25,"column":88}},"21":{"start":{"line":26,"column":12},"end":{"line":27,"column":49}},"22":{"start":{"line":27,"column":16},"end":{"line":27,"column":49}},"23":{"start":{"line":31,"column":21},"end":{"line":31,"column":25}},"24":{"start":{"line":32,"column":20},"end":{"line":32,"column":22}},"25":{"start":{"line":33,"column":8},"end":{"line":34,"column":97}},"26":{"start":{"line":34,"column":12},"end":{"line":34,"column":97}},"27":{"start":{"line":35,"column":8},"end":{"line":35,"column":145}},"28":{"start":{"line":35,"column":59},"end":{"line":35,"column":143}},"29":{"start":{"line":36,"column":8},"end":{"line":36,"column":19}},"30":{"start":{"line":39,"column":21},"end":{"line":39,"column":25}},"31":{"start":{"line":40,"column":8},"end":{"line":40,"column":42}},"32":{"start":{"line":41,"column":8},"end":{"line":41,"column":30}},"33":{"start":{"line":44,"column":8},"end":{"line":44,"column":40}},"34":{"start":{"line":47,"column":19},"end":{"line":47,"column":23}},"35":{"start":{"line":48,"column":18},"end":{"line":48,"column":50}},"36":{"start":{"line":49,"column":24},"end":{"line":49,"column":52}},"37":{"start":{"line":50,"column":8},"end":{"line":55,"column":9}},"38":{"start":{"line":51,"column":12},"end":{"line":54,"column":49}},"39":{"start":{"line":52,"column":16},"end":{"line":52,"column":47}},"40":{"start":{"line":53,"column":17},"end":{"line":54,"column":49}},"41":{"start":{"line":54,"column":16},"end":{"line":54,"column":49}},"42":{"start":{"line":58,"column":19},"end":{"line":58,"column":23}},"43":{"start":{"line":59,"column":18},"end":{"line":59,"column":50}},"44":{"start":{"line":60,"column":24},"end":{"line":60,"column":52}},"45":{"start":{"line":61,"column":8},"end":{"line":66,"column":9}},"46":{"start":{"line":62,"column":12},"end":{"line":65,"column":46}},"47":{"start":{"line":63,"column":16},"end":{"line":63,"column":51}},"48":{"start":{"line":64,"column":17},"end":{"line":65,"column":46}},"49":{"start":{"line":65,"column":16},"end":{"line":65,"column":46}},"50":{"start":{"line":70,"column":19},"end":{"line":70,"column":23}},"51":{"start":{"line":71,"column":8},"end":{"line":72,"column":19}},"52":{"start":{"line":72,"column":12},"end":{"line":72,"column":19}},"53":{"start":{"line":73,"column":8},"end":{"line":73,"column":33}},"54":{"start":{"line":74,"column":8},"end":{"line":74,"column":65}},"55":{"start":{"line":75,"column":8},"end":{"line":75,"column":31}},"56":{"start":{"line":76,"column":8},"end":{"line":83,"column":9}},"57":{"start":{"line":77,"column":12},"end":{"line":79,"column":41}},"58":{"start":{"line":78,"column":16},"end":{"line":78,"column":41}},"59":{"start":{"line":82,"column":12},"end":{"line":82,"column":37}},"60":{"start":{"line":86,"column":8},"end":{"line":86,"column":28}},"61":{"start":{"line":89,"column":8},"end":{"line":89,"column":33}},"62":{"start":{"line":92,"column":8},"end":{"line":92,"column":20}},"63":{"start":{"line":95,"column":8},"end":{"line":95,"column":43}},"64":{"start":{"line":98,"column":8},"end":{"line":98,"column":38}},"65":{"start":{"line":101,"column":8},"end":{"line":101,"column":36}},"66":{"start":{"line":104,"column":21},"end":{"line":104,"column":25}},"67":{"start":{"line":105,"column":8},"end":{"line":106,"column":24}},"68":{"start":{"line":106,"column":12},"end":{"line":106,"column":24}},"69":{"start":{"line":107,"column":8},"end":{"line":111,"column":9}},"70":{"start":{"line":108,"column":26},"end":{"line":108,"column":38}},"71":{"start":{"line":109,"column":12},"end":{"line":110,"column":29}},"72":{"start":{"line":110,"column":16},"end":{"line":110,"column":29}},"73":{"start":{"line":112,"column":8},"end":{"line":113,"column":25}},"74":{"start":{"line":113,"column":12},"end":{"line":113,"column":25}},"75":{"start":{"line":114,"column":8},"end":{"line":114,"column":36}},"76":{"start":{"line":115,"column":8},"end":{"line":115,"column":69}},"77":{"start":{"line":116,"column":8},"end":{"line":116,"column":20}},"78":{"start":{"line":119,"column":19},"end":{"line":119,"column":23}},"79":{"start":{"line":120,"column":19},"end":{"line":120,"column":79}},"80":{"start":{"line":121,"column":8},"end":{"line":121,"column":77}},"81":{"start":{"line":124,"column":8},"end":{"line":124,"column":34}},"82":{"start":{"line":127,"column":19},"end":{"line":127,"column":23}},"83":{"start":{"line":128,"column":8},"end":{"line":129,"column":75}},"84":{"start":{"line":129,"column":12},"end":{"line":129,"column":75}},"85":{"start":{"line":130,"column":8},"end":{"line":130,"column":31}},"86":{"start":{"line":133,"column":19},"end":{"line":133,"column":23}},"87":{"start":{"line":134,"column":8},"end":{"line":135,"column":25}},"88":{"start":{"line":135,"column":12},"end":{"line":135,"column":25}},"89":{"start":{"line":136,"column":8},"end":{"line":141,"column":35}},"90":{"start":{"line":138,"column":12},"end":{"line":138,"column":25}},"91":{"start":{"line":141,"column":12},"end":{"line":141,"column":35}},"92":{"start":{"line":151,"column":21},"end":{"line":151,"column":25}},"93":{"start":{"line":152,"column":8},"end":{"line":153,"column":42}},"94":{"start":{"line":153,"column":12},"end":{"line":153,"column":42}},"95":{"start":{"line":154,"column":8},"end":{"line":154,"column":28}},"96":{"start":{"line":155,"column":8},"end":{"line":156,"column":59}},"97":{"start":{"line":156,"column":12},"end":{"line":156,"column":59}},"98":{"start":{"line":157,"column":8},"end":{"line":157,"column":28}},"99":{"start":{"line":158,"column":8},"end":{"line":158,"column":28}},"100":{"start":{"line":159,"column":8},"end":{"line":159,"column":28}},"101":{"start":{"line":160,"column":8},"end":{"line":160,"column":33}},"102":{"start":{"line":166,"column":8},"end":{"line":166,"column":28}},"103":{"start":{"line":169,"column":8},"end":{"line":169,"column":29}},"104":{"start":{"line":172,"column":19},"end":{"line":172,"column":23}},"105":{"start":{"line":173,"column":8},"end":{"line":174,"column":32}},"106":{"start":{"line":174,"column":12},"end":{"line":174,"column":32}},"107":{"start":{"line":175,"column":8},"end":{"line":175,"column":49}},"108":{"start":{"line":178,"column":21},"end":{"line":178,"column":25}},"109":{"start":{"line":179,"column":8},"end":{"line":220,"column":11}},"110":{"start":{"line":180,"column":29},"end":{"line":180,"column":60}},"111":{"start":{"line":181,"column":12},"end":{"line":219,"column":13}},"112":{"start":{"line":183,"column":20},"end":{"line":194,"column":21}},"113":{"start":{"line":185,"column":24},"end":{"line":185,"column":104}},"114":{"start":{"line":187,"column":25},"end":{"line":194,"column":21}},"115":{"start":{"line":189,"column":24},"end":{"line":189,"column":112}},"116":{"start":{"line":191,"column":25},"end":{"line":194,"column":21}},"117":{"start":{"line":193,"column":24},"end":{"line":193,"column":112}},"118":{"start":{"line":195,"column":20},"end":{"line":195,"column":26}},"119":{"start":{"line":197,"column":20},"end":{"line":204,"column":21}},"120":{"start":{"line":199,"column":24},"end":{"line":199,"column":118}},"121":{"start":{"line":201,"column":25},"end":{"line":204,"column":21}},"122":{"start":{"line":203,"column":24},"end":{"line":203,"column":118}},"123":{"start":{"line":205,"column":20},"end":{"line":205,"column":26}},"124":{"start":{"line":207,"column":20},"end":{"line":217,"column":21}},"125":{"start":{"line":210,"column":25},"end":{"line":217,"column":21}},"126":{"start":{"line":212,"column":24},"end":{"line":212,"column":114}},"127":{"start":{"line":214,"column":25},"end":{"line":217,"column":21}},"128":{"start":{"line":216,"column":24},"end":{"line":216,"column":136}},"129":{"start":{"line":218,"column":20},"end":{"line":218,"column":26}},"130":{"start":{"line":223,"column":21},"end":{"line":223,"column":25}},"131":{"start":{"line":224,"column":8},"end":{"line":245,"column":11}},"132":{"start":{"line":226,"column":29},"end":{"line":226,"column":60}},"133":{"start":{"line":227,"column":29},"end":{"line":227,"column":107}},"134":{"start":{"line":228,"column":12},"end":{"line":244,"column":13}},"135":{"start":{"line":230,"column":20},"end":{"line":233,"column":112}},"136":{"start":{"line":231,"column":24},"end":{"line":231,"column":110}},"137":{"start":{"line":233,"column":24},"end":{"line":233,"column":112}},"138":{"start":{"line":234,"column":20},"end":{"line":234,"column":26}},"139":{"start":{"line":236,"column":20},"end":{"line":236,"column":114}},"140":{"start":{"line":237,"column":20},"end":{"line":237,"column":26}},"141":{"start":{"line":239,"column":20},"end":{"line":242,"column":136}},"142":{"start":{"line":240,"column":24},"end":{"line":240,"column":134}},"143":{"start":{"line":242,"column":24},"end":{"line":242,"column":136}},"144":{"start":{"line":243,"column":20},"end":{"line":243,"column":26}},"145":{"start":{"line":248,"column":21},"end":{"line":248,"column":25}},"146":{"start":{"line":249,"column":8},"end":{"line":271,"column":11}},"147":{"start":{"line":250,"column":21},"end":{"line":250,"column":54}},"148":{"start":{"line":251,"column":27},"end":{"line":251,"column":73}},"149":{"start":{"line":252,"column":12},"end":{"line":253,"column":51}},"150":{"start":{"line":253,"column":16},"end":{"line":253,"column":51}},"151":{"start":{"line":254,"column":12},"end":{"line":270,"column":13}},"152":{"start":{"line":256,"column":20},"end":{"line":256,"column":89}},"153":{"start":{"line":257,"column":20},"end":{"line":257,"column":26}},"154":{"start":{"line":259,"column":20},"end":{"line":259,"column":84}},"155":{"start":{"line":260,"column":20},"end":{"line":260,"column":26}},"156":{"start":{"line":262,"column":20},"end":{"line":262,"column":93}},"157":{"start":{"line":263,"column":20},"end":{"line":263,"column":26}},"158":{"start":{"line":265,"column":20},"end":{"line":265,"column":80}},"159":{"start":{"line":266,"column":20},"end":{"line":266,"column":26}},"160":{"start":{"line":268,"column":20},"end":{"line":268,"column":88}},"161":{"start":{"line":269,"column":20},"end":{"line":269,"column":26}},"162":{"start":{"line":272,"column":8},"end":{"line":275,"column":36}},"163":{"start":{"line":273,"column":12},"end":{"line":273,"column":40}},"164":{"start":{"line":275,"column":12},"end":{"line":275,"column":36}},"165":{"start":{"line":278,"column":19},"end":{"line":278,"column":23}},"166":{"start":{"line":279,"column":8},"end":{"line":282,"column":9}},"167":{"start":{"line":280,"column":22},"end":{"line":280,"column":54}},"168":{"start":{"line":281,"column":12},"end":{"line":281,"column":140}},"169":{"start":{"line":283,"column":8},"end":{"line":283,"column":21}},"170":{"start":{"line":286,"column":19},"end":{"line":286,"column":23}},"171":{"start":{"line":287,"column":8},"end":{"line":287,"column":56}},"172":{"start":{"line":288,"column":8},"end":{"line":290,"column":9}},"173":{"start":{"line":289,"column":12},"end":{"line":289,"column":64}},"174":{"start":{"line":291,"column":8},"end":{"line":291,"column":76}},"175":{"start":{"line":292,"column":8},"end":{"line":292,"column":45}},"176":{"start":{"line":295,"column":19},"end":{"line":295,"column":23}},"177":{"start":{"line":296,"column":8},"end":{"line":296,"column":56}},"178":{"start":{"line":297,"column":17},"end":{"line":297,"column":46}},"179":{"start":{"line":298,"column":8},"end":{"line":305,"column":9}},"180":{"start":{"line":300,"column":12},"end":{"line":303,"column":24}},"181":{"start":{"line":301,"column":16},"end":{"line":301,"column":81}},"182":{"start":{"line":303,"column":16},"end":{"line":303,"column":24}},"183":{"start":{"line":304,"column":12},"end":{"line":304,"column":47}},"184":{"start":{"line":306,"column":8},"end":{"line":306,"column":18}},"185":{"start":{"line":309,"column":19},"end":{"line":309,"column":23}},"186":{"start":{"line":310,"column":8},"end":{"line":310,"column":62}},"187":{"start":{"line":313,"column":19},"end":{"line":313,"column":23}},"188":{"start":{"line":315,"column":8},"end":{"line":316,"column":41}},"189":{"start":{"line":316,"column":12},"end":{"line":316,"column":41}},"190":{"start":{"line":322,"column":21},"end":{"line":322,"column":25}},"191":{"start":{"line":323,"column":8},"end":{"line":324,"column":19}},"192":{"start":{"line":324,"column":12},"end":{"line":324,"column":19}},"193":{"start":{"line":326,"column":8},"end":{"line":327,"column":19}},"194":{"start":{"line":327,"column":12},"end":{"line":327,"column":19}},"195":{"start":{"line":329,"column":8},"end":{"line":330,"column":19}},"196":{"start":{"line":330,"column":12},"end":{"line":330,"column":19}},"197":{"start":{"line":332,"column":23},"end":{"line":332,"column":25}},"198":{"start":{"line":333,"column":8},"end":{"line":338,"column":18}},"199":{"start":{"line":334,"column":29},"end":{"line":334,"column":34}},"200":{"start":{"line":335,"column":12},"end":{"line":336,"column":23}},"201":{"start":{"line":336,"column":16},"end":{"line":336,"column":23}},"202":{"start":{"line":337,"column":12},"end":{"line":337,"column":64}},"203":{"start":{"line":339,"column":8},"end":{"line":339,"column":36}},"204":{"start":{"line":340,"column":8},"end":{"line":340,"column":38}},"205":{"start":{"line":341,"column":8},"end":{"line":349,"column":9}},"206":{"start":{"line":343,"column":28},"end":{"line":343,"column":84}},"207":{"start":{"line":344,"column":12},"end":{"line":348,"column":13}},"208":{"start":{"line":345,"column":32},"end":{"line":345,"column":70}},"209":{"start":{"line":346,"column":16},"end":{"line":347,"column":49}},"210":{"start":{"line":347,"column":20},"end":{"line":347,"column":49}},"211":{"start":{"line":351,"column":8},"end":{"line":351,"column":22}},"212":{"start":{"line":352,"column":8},"end":{"line":357,"column":11}},"213":{"start":{"line":353,"column":28},"end":{"line":353,"column":56}},"214":{"start":{"line":354,"column":12},"end":{"line":356,"column":13}},"215":{"start":{"line":355,"column":16},"end":{"line":355,"column":54}},"216":{"start":{"line":358,"column":8},"end":{"line":367,"column":11}},"217":{"start":{"line":359,"column":12},"end":{"line":366,"column":13}},"218":{"start":{"line":360,"column":32},"end":{"line":360,"column":60}},"219":{"start":{"line":361,"column":16},"end":{"line":361,"column":54}},"220":{"start":{"line":363,"column":17},"end":{"line":366,"column":13}},"221":{"start":{"line":364,"column":32},"end":{"line":364,"column":60}},"222":{"start":{"line":365,"column":16},"end":{"line":365,"column":47}},"223":{"start":{"line":368,"column":8},"end":{"line":368,"column":36}},"224":{"start":{"line":370,"column":8},"end":{"line":378,"column":9}},"225":{"start":{"line":371,"column":12},"end":{"line":377,"column":13}},"226":{"start":{"line":372,"column":35},"end":{"line":372,"column":67}},"227":{"start":{"line":373,"column":34},"end":{"line":373,"column":116}},"228":{"start":{"line":374,"column":29},"end":{"line":374,"column":53}},"229":{"start":{"line":375,"column":16},"end":{"line":376,"column":40}},"230":{"start":{"line":376,"column":20},"end":{"line":376,"column":40}},"231":{"start":{"line":380,"column":8},"end":{"line":380,"column":22}},"232":{"start":{"line":381,"column":8},"end":{"line":387,"column":9}},"233":{"start":{"line":382,"column":29},"end":{"line":382,"column":54}},"234":{"start":{"line":383,"column":12},"end":{"line":386,"column":15}},"235":{"start":{"line":384,"column":31},"end":{"line":384,"column":46}},"236":{"start":{"line":385,"column":16},"end":{"line":385,"column":86}},"237":{"start":{"line":388,"column":8},"end":{"line":388,"column":36}},"238":{"start":{"line":390,"column":8},"end":{"line":390,"column":47}},"239":{"start":{"line":391,"column":8},"end":{"line":391,"column":39}},"240":{"start":{"line":393,"column":8},"end":{"line":393,"column":70}},"241":{"start":{"line":394,"column":8},"end":{"line":395,"column":27}},"242":{"start":{"line":395,"column":12},"end":{"line":395,"column":27}},"243":{"start":{"line":398,"column":8},"end":{"line":398,"column":47}},"244":{"start":{"line":401,"column":19},"end":{"line":401,"column":23}},"245":{"start":{"line":402,"column":24},"end":{"line":402,"column":50}},"246":{"start":{"line":403,"column":8},"end":{"line":403,"column":104}},"247":{"start":{"line":404,"column":8},"end":{"line":411,"column":9}},"248":{"start":{"line":405,"column":12},"end":{"line":406,"column":23}},"249":{"start":{"line":406,"column":16},"end":{"line":406,"column":23}},"250":{"start":{"line":407,"column":12},"end":{"line":407,"column":92}},"251":{"start":{"line":410,"column":12},"end":{"line":410,"column":28}},"252":{"start":{"line":414,"column":21},"end":{"line":414,"column":25}},"253":{"start":{"line":415,"column":8},"end":{"line":416,"column":24}},"254":{"start":{"line":416,"column":12},"end":{"line":416,"column":24}},"255":{"start":{"line":417,"column":8},"end":{"line":425,"column":9}},"256":{"start":{"line":418,"column":23},"end":{"line":418,"column":60}},"257":{"start":{"line":419,"column":12},"end":{"line":424,"column":13}},"258":{"start":{"line":420,"column":28},"end":{"line":420,"column":86}},"259":{"start":{"line":421,"column":16},"end":{"line":422,"column":31}},"260":{"start":{"line":422,"column":20},"end":{"line":422,"column":31}},"261":{"start":{"line":423,"column":16},"end":{"line":423,"column":57}},"262":{"start":{"line":426,"column":19},"end":{"line":426,"column":95}},"263":{"start":{"line":427,"column":8},"end":{"line":428,"column":24}},"264":{"start":{"line":428,"column":12},"end":{"line":428,"column":24}},"265":{"start":{"line":429,"column":22},"end":{"line":429,"column":144}},"266":{"start":{"line":430,"column":20},"end":{"line":430,"column":71}},"267":{"start":{"line":431,"column":8},"end":{"line":434,"column":9}},"268":{"start":{"line":432,"column":12},"end":{"line":432,"column":69}},"269":{"start":{"line":433,"column":12},"end":{"line":433,"column":60}},"270":{"start":{"line":435,"column":8},"end":{"line":435,"column":19}},"271":{"start":{"line":438,"column":21},"end":{"line":438,"column":25}},"272":{"start":{"line":439,"column":8},"end":{"line":439,"column":81}},"273":{"start":{"line":442,"column":21},"end":{"line":442,"column":25}},"274":{"start":{"line":443,"column":8},"end":{"line":472,"column":9}},"275":{"start":{"line":444,"column":37},"end":{"line":444,"column":107}},"276":{"start":{"line":445,"column":12},"end":{"line":455,"column":13}},"277":{"start":{"line":446,"column":16},"end":{"line":446,"column":148}},"278":{"start":{"line":447,"column":33},"end":{"line":447,"column":80}},"279":{"start":{"line":448,"column":16},"end":{"line":448,"column":112}},"280":{"start":{"line":450,"column":17},"end":{"line":455,"column":13}},"281":{"start":{"line":451,"column":16},"end":{"line":451,"column":149}},"282":{"start":{"line":452,"column":26},"end":{"line":452,"column":59}},"283":{"start":{"line":453,"column":16},"end":{"line":454,"column":39}},"284":{"start":{"line":454,"column":20},"end":{"line":454,"column":39}},"285":{"start":{"line":457,"column":13},"end":{"line":472,"column":9}},"286":{"start":{"line":458,"column":24},"end":{"line":458,"column":30}},"287":{"start":{"line":459,"column":25},"end":{"line":459,"column":70}},"288":{"start":{"line":460,"column":12},"end":{"line":460,"column":135}},"289":{"start":{"line":461,"column":24},"end":{"line":461,"column":35}},"290":{"start":{"line":462,"column":25},"end":{"line":462,"column":27}},"291":{"start":{"line":463,"column":12},"end":{"line":463,"column":69}},"292":{"start":{"line":464,"column":12},"end":{"line":471,"column":13}},"293":{"start":{"line":465,"column":41},"end":{"line":465,"column":141}},"294":{"start":{"line":466,"column":16},"end":{"line":470,"column":17}},"295":{"start":{"line":467,"column":35},"end":{"line":467,"column":108}},"296":{"start":{"line":468,"column":20},"end":{"line":469,"column":83}},"297":{"start":{"line":469,"column":24},"end":{"line":469,"column":83}},"298":{"start":{"line":475,"column":19},"end":{"line":475,"column":23}},"299":{"start":{"line":476,"column":8},"end":{"line":481,"column":9}},"300":{"start":{"line":477,"column":12},"end":{"line":480,"column":17}},"301":{"start":{"line":478,"column":16},"end":{"line":480,"column":17}},"302":{"start":{"line":479,"column":20},"end":{"line":479,"column":72}},"303":{"start":{"line":485,"column":21},"end":{"line":485,"column":25}},"304":{"start":{"line":486,"column":8},"end":{"line":486,"column":48}},"305":{"start":{"line":489,"column":21},"end":{"line":489,"column":25}},"306":{"start":{"line":490,"column":26},"end":{"line":490,"column":52}},"307":{"start":{"line":491,"column":8},"end":{"line":499,"column":9}},"308":{"start":{"line":492,"column":12},"end":{"line":493,"column":89}},"309":{"start":{"line":493,"column":16},"end":{"line":493,"column":89}},"310":{"start":{"line":494,"column":12},"end":{"line":494,"column":24}},"311":{"start":{"line":497,"column":12},"end":{"line":497,"column":35}},"312":{"start":{"line":498,"column":12},"end":{"line":498,"column":25}},"313":{"start":{"line":502,"column":21},"end":{"line":502,"column":25}},"314":{"start":{"line":503,"column":26},"end":{"line":503,"column":52}},"315":{"start":{"line":504,"column":8},"end":{"line":504,"column":104}},"316":{"start":{"line":505,"column":8},"end":{"line":536,"column":9}},"317":{"start":{"line":506,"column":12},"end":{"line":506,"column":60}},"318":{"start":{"line":507,"column":12},"end":{"line":532,"column":13}},"319":{"start":{"line":508,"column":16},"end":{"line":508,"column":141}},"320":{"start":{"line":511,"column":30},"end":{"line":511,"column":57}},"321":{"start":{"line":512,"column":16},"end":{"line":513,"column":37}},"322":{"start":{"line":513,"column":20},"end":{"line":513,"column":37}},"323":{"start":{"line":514,"column":16},"end":{"line":531,"column":17}},"324":{"start":{"line":516,"column":20},"end":{"line":517,"column":31}},"325":{"start":{"line":517,"column":24},"end":{"line":517,"column":31}},"326":{"start":{"line":518,"column":20},"end":{"line":518,"column":83}},"327":{"start":{"line":520,"column":20},"end":{"line":520,"column":26}},"328":{"start":{"line":521,"column":20},"end":{"line":526,"column":21}},"329":{"start":{"line":523,"column":24},"end":{"line":523,"column":140}},"330":{"start":{"line":525,"column":24},"end":{"line":525,"column":149}},"331":{"start":{"line":529,"column":20},"end":{"line":530,"column":47}},"332":{"start":{"line":530,"column":24},"end":{"line":530,"column":47}},"333":{"start":{"line":535,"column":12},"end":{"line":535,"column":28}},"334":{"start":{"line":539,"column":19},"end":{"line":539,"column":23}},"335":{"start":{"line":540,"column":21},"end":{"line":540,"column":40}},"336":{"start":{"line":541,"column":25},"end":{"line":541,"column":58}},"337":{"start":{"line":542,"column":17},"end":{"line":542,"column":47}},"338":{"start":{"line":543,"column":8},"end":{"line":544,"column":107}},"339":{"start":{"line":544,"column":12},"end":{"line":544,"column":107}},"340":{"start":{"line":545,"column":8},"end":{"line":546,"column":72}},"341":{"start":{"line":546,"column":12},"end":{"line":546,"column":72}},"342":{"start":{"line":547,"column":8},"end":{"line":555,"column":9}},"343":{"start":{"line":549,"column":12},"end":{"line":554,"column":13}},"344":{"start":{"line":550,"column":31},"end":{"line":550,"column":52}},"345":{"start":{"line":551,"column":16},"end":{"line":553,"column":45}},"346":{"start":{"line":552,"column":20},"end":{"line":552,"column":50}},"347":{"start":{"line":556,"column":8},"end":{"line":556,"column":37}},"348":{"start":{"line":559,"column":19},"end":{"line":559,"column":23}},"349":{"start":{"line":560,"column":25},"end":{"line":560,"column":58}},"350":{"start":{"line":561,"column":17},"end":{"line":561,"column":47}},"351":{"start":{"line":562,"column":8},"end":{"line":563,"column":107}},"352":{"start":{"line":563,"column":12},"end":{"line":563,"column":107}},"353":{"start":{"line":564,"column":8},"end":{"line":564,"column":37}},"354":{"start":{"line":567,"column":19},"end":{"line":567,"column":23}},"355":{"start":{"line":568,"column":25},"end":{"line":568,"column":58}},"356":{"start":{"line":569,"column":17},"end":{"line":569,"column":47}},"357":{"start":{"line":570,"column":8},"end":{"line":571,"column":107}},"358":{"start":{"line":571,"column":12},"end":{"line":571,"column":107}},"359":{"start":{"line":572,"column":8},"end":{"line":580,"column":9}},"360":{"start":{"line":574,"column":12},"end":{"line":579,"column":13}},"361":{"start":{"line":575,"column":31},"end":{"line":575,"column":52}},"362":{"start":{"line":576,"column":16},"end":{"line":578,"column":45}},"363":{"start":{"line":577,"column":20},"end":{"line":577,"column":50}},"364":{"start":{"line":581,"column":8},"end":{"line":581,"column":37}},"365":{"start":{"line":584,"column":21},"end":{"line":584,"column":25}},"366":{"start":{"line":585,"column":8},"end":{"line":586,"column":19}},"367":{"start":{"line":586,"column":12},"end":{"line":586,"column":19}},"368":{"start":{"line":587,"column":8},"end":{"line":587,"column":39}},"369":{"start":{"line":588,"column":26},"end":{"line":588,"column":52}},"370":{"start":{"line":589,"column":8},"end":{"line":596,"column":9}},"371":{"start":{"line":590,"column":12},"end":{"line":592,"column":13}},"372":{"start":{"line":591,"column":16},"end":{"line":591,"column":104}},"373":{"start":{"line":595,"column":12},"end":{"line":595,"column":57}},"374":{"start":{"line":597,"column":8},"end":{"line":601,"column":9}},"375":{"start":{"line":598,"column":29},"end":{"line":598,"column":69}},"376":{"start":{"line":598,"column":54},"end":{"line":598,"column":66}},"377":{"start":{"line":599,"column":12},"end":{"line":599,"column":32}},"378":{"start":{"line":600,"column":12},"end":{"line":600,"column":40}},"379":{"start":{"line":604,"column":19},"end":{"line":604,"column":23}},"380":{"start":{"line":605,"column":8},"end":{"line":606,"column":19}},"381":{"start":{"line":606,"column":12},"end":{"line":606,"column":19}},"382":{"start":{"line":607,"column":8},"end":{"line":607,"column":39}},"383":{"start":{"line":608,"column":8},"end":{"line":608,"column":53}},"384":{"start":{"line":611,"column":21},"end":{"line":611,"column":25}},"385":{"start":{"line":612,"column":8},"end":{"line":616,"column":11}},"386":{"start":{"line":613,"column":23},"end":{"line":613,"column":51}},"387":{"start":{"line":614,"column":12},"end":{"line":615,"column":49}},"388":{"start":{"line":615,"column":16},"end":{"line":615,"column":49}},"389":{"start":{"line":619,"column":19},"end":{"line":619,"column":23}},"390":{"start":{"line":620,"column":24},"end":{"line":620,"column":50}},"391":{"start":{"line":621,"column":8},"end":{"line":631,"column":9}},"392":{"start":{"line":622,"column":12},"end":{"line":624,"column":13}},"393":{"start":{"line":625,"column":12},"end":{"line":630,"column":13}},"394":{"start":{"line":626,"column":16},"end":{"line":626,"column":111}},"395":{"start":{"line":629,"column":16},"end":{"line":629,"column":56}},"396":{"start":{"line":634,"column":19},"end":{"line":634,"column":23}},"397":{"start":{"line":635,"column":21},"end":{"line":635,"column":33}},"398":{"start":{"line":636,"column":8},"end":{"line":636,"column":32}},"399":{"start":{"line":639,"column":8},"end":{"line":639,"column":27}},"400":{"start":{"line":640,"column":19},"end":{"line":640,"column":23}},"401":{"start":{"line":641,"column":8},"end":{"line":641,"column":51}},"402":{"start":{"line":642,"column":8},"end":{"line":642,"column":115}},"403":{"start":{"line":643,"column":8},"end":{"line":643,"column":42}},"404":{"start":{"line":644,"column":8},"end":{"line":644,"column":20}},"405":{"start":{"line":646,"column":8},"end":{"line":646,"column":25}},"406":{"start":{"line":647,"column":8},"end":{"line":648,"column":34}},"407":{"start":{"line":648,"column":12},"end":{"line":648,"column":34}},"408":{"start":{"line":649,"column":8},"end":{"line":649,"column":30}},"409":{"start":{"line":652,"column":21},"end":{"line":652,"column":25}},"410":{"start":{"line":653,"column":8},"end":{"line":656,"column":9}},"411":{"start":{"line":654,"column":12},"end":{"line":654,"column":35}},"412":{"start":{"line":655,"column":12},"end":{"line":655,"column":32}},"413":{"start":{"line":657,"column":8},"end":{"line":660,"column":9}},"414":{"start":{"line":658,"column":12},"end":{"line":658,"column":59}},"415":{"start":{"line":659,"column":12},"end":{"line":659,"column":34}},"416":{"start":{"line":661,"column":8},"end":{"line":664,"column":9}},"417":{"start":{"line":662,"column":12},"end":{"line":662,"column":35}},"418":{"start":{"line":663,"column":12},"end":{"line":663,"column":32}},"419":{"start":{"line":665,"column":8},"end":{"line":667,"column":9}},"420":{"start":{"line":666,"column":12},"end":{"line":666,"column":51}},"421":{"start":{"line":668,"column":8},"end":{"line":672,"column":9}},"422":{"start":{"line":669,"column":23},"end":{"line":669,"column":38}},"423":{"start":{"line":670,"column":12},"end":{"line":670,"column":35}},"424":{"start":{"line":671,"column":12},"end":{"line":671,"column":66}},"425":{"start":{"line":671,"column":33},"end":{"line":671,"column":64}},"426":{"start":{"line":673,"column":8},"end":{"line":673,"column":28}},"427":{"start":{"line":674,"column":8},"end":{"line":674,"column":27}},"428":{"start":{"line":675,"column":8},"end":{"line":675,"column":31}},"429":{"start":{"line":676,"column":8},"end":{"line":676,"column":28}},"430":{"start":{"line":677,"column":8},"end":{"line":677,"column":28}},"431":{"start":{"line":678,"column":8},"end":{"line":678,"column":34}},"432":{"start":{"line":679,"column":8},"end":{"line":680,"column":40}},"433":{"start":{"line":680,"column":12},"end":{"line":680,"column":40}},"434":{"start":{"line":681,"column":8},"end":{"line":681,"column":24}},"435":{"start":{"line":684,"column":8},"end":{"line":684,"column":28}},"436":{"start":{"line":687,"column":8},"end":{"line":687,"column":28}},"437":{"start":{"line":690,"column":0},"end":{"line":690,"column":34}},"438":{"start":{"line":693,"column":4},"end":{"line":700,"column":5}},"439":{"start":{"line":694,"column":8},"end":{"line":699,"column":40}},"440":{"start":{"line":695,"column":12},"end":{"line":695,"column":36}},"441":{"start":{"line":696,"column":12},"end":{"line":696,"column":35}},"442":{"start":{"line":699,"column":12},"end":{"line":699,"column":40}}},"fnMap":{"0":{"name":"(anonymous_0)","decl":{"start":{"line":17,"column":4},"end":{"line":17,"column":5}},"loc":{"start":{"line":17,"column":48},"end":{"line":21,"column":5}},"line":17},"1":{"name":"(anonymous_1)","decl":{"start":{"line":22,"column":4},"end":{"line":22,"column":5}},"loc":{"start":{"line":22,"column":26},"end":{"line":29,"column":5}},"line":22},"2":{"name":"(anonymous_2)","decl":{"start":{"line":25,"column":52},"end":{"line":25,"column":53}},"loc":{"start":{"line":25,"column":61},"end":{"line":25,"column":88}},"line":25},"3":{"name":"(anonymous_3)","decl":{"start":{"line":30,"column":4},"end":{"line":30,"column":5}},"loc":{"start":{"line":30,"column":27},"end":{"line":37,"column":5}},"line":30},"4":{"name":"(anonymous_4)","decl":{"start":{"line":35,"column":51},"end":{"line":35,"column":52}},"loc":{"start":{"line":35,"column":59},"end":{"line":35,"column":143}},"line":35},"5":{"name":"(anonymous_5)","decl":{"start":{"line":38,"column":4},"end":{"line":38,"column":5}},"loc":{"start":{"line":38,"column":19},"end":{"line":42,"column":5}},"line":38},"6":{"name":"(anonymous_6)","decl":{"start":{"line":43,"column":4},"end":{"line":43,"column":5}},"loc":{"start":{"line":43,"column":28},"end":{"line":45,"column":5}},"line":43},"7":{"name":"(anonymous_7)","decl":{"start":{"line":46,"column":4},"end":{"line":46,"column":5}},"loc":{"start":{"line":46,"column":48},"end":{"line":56,"column":5}},"line":46},"8":{"name":"(anonymous_8)","decl":{"start":{"line":57,"column":4},"end":{"line":57,"column":5}},"loc":{"start":{"line":57,"column":46},"end":{"line":67,"column":5}},"line":57},"9":{"name":"(anonymous_9)","decl":{"start":{"line":69,"column":4},"end":{"line":69,"column":5}},"loc":{"start":{"line":69,"column":74},"end":{"line":84,"column":5}},"line":69},"10":{"name":"(anonymous_10)","decl":{"start":{"line":77,"column":78},"end":{"line":77,"column":79}},"loc":{"start":{"line":77,"column":84},"end":{"line":79,"column":13}},"line":77},"11":{"name":"(anonymous_11)","decl":{"start":{"line":85,"column":4},"end":{"line":85,"column":5}},"loc":{"start":{"line":85,"column":16},"end":{"line":87,"column":5}},"line":85},"12":{"name":"(anonymous_12)","decl":{"start":{"line":88,"column":4},"end":{"line":88,"column":5}},"loc":{"start":{"line":88,"column":15},"end":{"line":90,"column":5}},"line":88},"13":{"name":"(anonymous_13)","decl":{"start":{"line":91,"column":4},"end":{"line":91,"column":5}},"loc":{"start":{"line":91,"column":23},"end":{"line":93,"column":5}},"line":91},"14":{"name":"(anonymous_14)","decl":{"start":{"line":94,"column":4},"end":{"line":94,"column":5}},"loc":{"start":{"line":94,"column":16},"end":{"line":96,"column":5}},"line":94},"15":{"name":"(anonymous_15)","decl":{"start":{"line":97,"column":4},"end":{"line":97,"column":5}},"loc":{"start":{"line":97,"column":20},"end":{"line":99,"column":5}},"line":97},"16":{"name":"(anonymous_16)","decl":{"start":{"line":100,"column":4},"end":{"line":100,"column":5}},"loc":{"start":{"line":100,"column":18},"end":{"line":102,"column":5}},"line":100},"17":{"name":"(anonymous_17)","decl":{"start":{"line":103,"column":4},"end":{"line":103,"column":5}},"loc":{"start":{"line":103,"column":22},"end":{"line":117,"column":5}},"line":103},"18":{"name":"(anonymous_18)","decl":{"start":{"line":118,"column":4},"end":{"line":118,"column":5}},"loc":{"start":{"line":118,"column":22},"end":{"line":122,"column":5}},"line":118},"19":{"name":"(anonymous_19)","decl":{"start":{"line":123,"column":4},"end":{"line":123,"column":5}},"loc":{"start":{"line":123,"column":23},"end":{"line":125,"column":5}},"line":123},"20":{"name":"(anonymous_20)","decl":{"start":{"line":126,"column":4},"end":{"line":126,"column":5}},"loc":{"start":{"line":126,"column":14},"end":{"line":131,"column":5}},"line":126},"21":{"name":"(anonymous_21)","decl":{"start":{"line":132,"column":4},"end":{"line":132,"column":5}},"loc":{"start":{"line":132,"column":19},"end":{"line":142,"column":5}},"line":132},"22":{"name":"(anonymous_22)","decl":{"start":{"line":143,"column":4},"end":{"line":143,"column":5}},"loc":{"start":{"line":143,"column":54},"end":{"line":144,"column":5}},"line":143},"23":{"name":"(anonymous_23)","decl":{"start":{"line":145,"column":4},"end":{"line":145,"column":5}},"loc":{"start":{"line":145,"column":11},"end":{"line":146,"column":5}},"line":145},"24":{"name":"(anonymous_24)","decl":{"start":{"line":147,"column":4},"end":{"line":147,"column":5}},"loc":{"start":{"line":147,"column":33},"end":{"line":148,"column":5}},"line":147},"25":{"name":"(anonymous_25)","decl":{"start":{"line":150,"column":4},"end":{"line":150,"column":5}},"loc":{"start":{"line":150,"column":21},"end":{"line":161,"column":5}},"line":150},"26":{"name":"(anonymous_26)","decl":{"start":{"line":162,"column":4},"end":{"line":162,"column":5}},"loc":{"start":{"line":162,"column":19},"end":{"line":162,"column":22}},"line":162},"27":{"name":"(anonymous_27)","decl":{"start":{"line":163,"column":4},"end":{"line":163,"column":5}},"loc":{"start":{"line":163,"column":19},"end":{"line":163,"column":22}},"line":163},"28":{"name":"(anonymous_28)","decl":{"start":{"line":164,"column":4},"end":{"line":164,"column":5}},"loc":{"start":{"line":164,"column":15},"end":{"line":164,"column":18}},"line":164},"29":{"name":"(anonymous_29)","decl":{"start":{"line":165,"column":4},"end":{"line":165,"column":5}},"loc":{"start":{"line":165,"column":17},"end":{"line":167,"column":5}},"line":165},"30":{"name":"(anonymous_30)","decl":{"start":{"line":168,"column":4},"end":{"line":168,"column":5}},"loc":{"start":{"line":168,"column":22},"end":{"line":170,"column":5}},"line":168},"31":{"name":"(anonymous_31)","decl":{"start":{"line":171,"column":4},"end":{"line":171,"column":5}},"loc":{"start":{"line":171,"column":24},"end":{"line":176,"column":5}},"line":171},"32":{"name":"(anonymous_32)","decl":{"start":{"line":177,"column":4},"end":{"line":177,"column":5}},"loc":{"start":{"line":177,"column":23},"end":{"line":221,"column":5}},"line":177},"33":{"name":"(anonymous_33)","decl":{"start":{"line":179,"column":94},"end":{"line":179,"column":95}},"loc":{"start":{"line":179,"column":105},"end":{"line":220,"column":9}},"line":179},"34":{"name":"(anonymous_34)","decl":{"start":{"line":222,"column":4},"end":{"line":222,"column":5}},"loc":{"start":{"line":222,"column":27},"end":{"line":246,"column":5}},"line":222},"35":{"name":"(anonymous_35)","decl":{"start":{"line":224,"column":94},"end":{"line":224,"column":95}},"loc":{"start":{"line":224,"column":105},"end":{"line":245,"column":9}},"line":224},"36":{"name":"(anonymous_36)","decl":{"start":{"line":247,"column":4},"end":{"line":247,"column":5}},"loc":{"start":{"line":247,"column":24},"end":{"line":276,"column":5}},"line":247},"37":{"name":"(anonymous_37)","decl":{"start":{"line":249,"column":96},"end":{"line":249,"column":97}},"loc":{"start":{"line":249,"column":108},"end":{"line":271,"column":9}},"line":249},"38":{"name":"(anonymous_38)","decl":{"start":{"line":277,"column":4},"end":{"line":277,"column":5}},"loc":{"start":{"line":277,"column":33},"end":{"line":284,"column":5}},"line":277},"39":{"name":"(anonymous_39)","decl":{"start":{"line":285,"column":4},"end":{"line":285,"column":5}},"loc":{"start":{"line":285,"column":26},"end":{"line":293,"column":5}},"line":285},"40":{"name":"(anonymous_40)","decl":{"start":{"line":294,"column":4},"end":{"line":294,"column":5}},"loc":{"start":{"line":294,"column":25},"end":{"line":307,"column":5}},"line":294},"41":{"name":"(anonymous_41)","decl":{"start":{"line":308,"column":4},"end":{"line":308,"column":5}},"loc":{"start":{"line":308,"column":20},"end":{"line":311,"column":5}},"line":308},"42":{"name":"(anonymous_42)","decl":{"start":{"line":312,"column":4},"end":{"line":312,"column":5}},"loc":{"start":{"line":312,"column":32},"end":{"line":317,"column":5}},"line":312},"43":{"name":"(anonymous_43)","decl":{"start":{"line":318,"column":4},"end":{"line":318,"column":5}},"loc":{"start":{"line":318,"column":62},"end":{"line":320,"column":5}},"line":318},"44":{"name":"(anonymous_44)","decl":{"start":{"line":321,"column":4},"end":{"line":321,"column":5}},"loc":{"start":{"line":321,"column":36},"end":{"line":396,"column":5}},"line":321},"45":{"name":"(anonymous_45)","decl":{"start":{"line":333,"column":26},"end":{"line":333,"column":27}},"loc":{"start":{"line":333,"column":37},"end":{"line":338,"column":9}},"line":333},"46":{"name":"(anonymous_46)","decl":{"start":{"line":352,"column":86},"end":{"line":352,"column":87}},"loc":{"start":{"line":352,"column":114},"end":{"line":357,"column":9}},"line":352},"47":{"name":"(anonymous_47)","decl":{"start":{"line":358,"column":80},"end":{"line":358,"column":81}},"loc":{"start":{"line":358,"column":108},"end":{"line":367,"column":9}},"line":358},"48":{"name":"(anonymous_48)","decl":{"start":{"line":383,"column":29},"end":{"line":383,"column":30}},"loc":{"start":{"line":383,"column":41},"end":{"line":386,"column":13}},"line":383},"49":{"name":"(anonymous_49)","decl":{"start":{"line":397,"column":4},"end":{"line":397,"column":5}},"loc":{"start":{"line":397,"column":19},"end":{"line":399,"column":5}},"line":397},"50":{"name":"(anonymous_50)","decl":{"start":{"line":400,"column":4},"end":{"line":400,"column":5}},"loc":{"start":{"line":400,"column":47},"end":{"line":412,"column":5}},"line":400},"51":{"name":"(anonymous_51)","decl":{"start":{"line":413,"column":4},"end":{"line":413,"column":5}},"loc":{"start":{"line":413,"column":26},"end":{"line":436,"column":5}},"line":413},"52":{"name":"(anonymous_52)","decl":{"start":{"line":437,"column":4},"end":{"line":437,"column":5}},"loc":{"start":{"line":437,"column":46},"end":{"line":440,"column":5}},"line":437},"53":{"name":"(anonymous_53)","decl":{"start":{"line":441,"column":4},"end":{"line":441,"column":5}},"loc":{"start":{"line":441,"column":51},"end":{"line":473,"column":5}},"line":441},"54":{"name":"(anonymous_54)","decl":{"start":{"line":474,"column":4},"end":{"line":474,"column":5}},"loc":{"start":{"line":474,"column":42},"end":{"line":482,"column":5}},"line":474},"55":{"name":"(anonymous_55)","decl":{"start":{"line":483,"column":4},"end":{"line":483,"column":5}},"loc":{"start":{"line":483,"column":28},"end":{"line":487,"column":5}},"line":483},"56":{"name":"(anonymous_56)","decl":{"start":{"line":488,"column":4},"end":{"line":488,"column":5}},"loc":{"start":{"line":488,"column":36},"end":{"line":500,"column":5}},"line":488},"57":{"name":"(anonymous_57)","decl":{"start":{"line":501,"column":4},"end":{"line":501,"column":5}},"loc":{"start":{"line":501,"column":69},"end":{"line":537,"column":5}},"line":501},"58":{"name":"(anonymous_58)","decl":{"start":{"line":538,"column":4},"end":{"line":538,"column":5}},"loc":{"start":{"line":538,"column":44},"end":{"line":557,"column":5}},"line":538},"59":{"name":"(anonymous_59)","decl":{"start":{"line":551,"column":69},"end":{"line":551,"column":70}},"loc":{"start":{"line":551,"column":75},"end":{"line":553,"column":17}},"line":551},"60":{"name":"(anonymous_60)","decl":{"start":{"line":558,"column":4},"end":{"line":558,"column":5}},"loc":{"start":{"line":558,"column":32},"end":{"line":565,"column":5}},"line":558},"61":{"name":"(anonymous_61)","decl":{"start":{"line":566,"column":4},"end":{"line":566,"column":5}},"loc":{"start":{"line":566,"column":45},"end":{"line":582,"column":5}},"line":566},"62":{"name":"(anonymous_62)","decl":{"start":{"line":576,"column":69},"end":{"line":576,"column":70}},"loc":{"start":{"line":576,"column":75},"end":{"line":578,"column":17}},"line":576},"63":{"name":"(anonymous_63)","decl":{"start":{"line":583,"column":4},"end":{"line":583,"column":5}},"loc":{"start":{"line":583,"column":25},"end":{"line":602,"column":5}},"line":583},"64":{"name":"(anonymous_64)","decl":{"start":{"line":598,"column":46},"end":{"line":598,"column":47}},"loc":{"start":{"line":598,"column":52},"end":{"line":598,"column":68}},"line":598},"65":{"name":"(anonymous_65)","decl":{"start":{"line":603,"column":4},"end":{"line":603,"column":5}},"loc":{"start":{"line":603,"column":19},"end":{"line":609,"column":5}},"line":603},"66":{"name":"(anonymous_66)","decl":{"start":{"line":610,"column":4},"end":{"line":610,"column":5}},"loc":{"start":{"line":610,"column":32},"end":{"line":617,"column":5}},"line":610},"67":{"name":"(anonymous_67)","decl":{"start":{"line":612,"column":77},"end":{"line":612,"column":78}},"loc":{"start":{"line":612,"column":105},"end":{"line":616,"column":9}},"line":612},"68":{"name":"(anonymous_68)","decl":{"start":{"line":618,"column":4},"end":{"line":618,"column":5}},"loc":{"start":{"line":618,"column":28},"end":{"line":632,"column":5}},"line":618},"69":{"name":"(anonymous_69)","decl":{"start":{"line":633,"column":4},"end":{"line":633,"column":5}},"loc":{"start":{"line":633,"column":27},"end":{"line":637,"column":5}},"line":633},"70":{"name":"(anonymous_70)","decl":{"start":{"line":638,"column":4},"end":{"line":638,"column":5}},"loc":{"start":{"line":638,"column":67},"end":{"line":650,"column":5}},"line":638},"71":{"name":"(anonymous_71)","decl":{"start":{"line":651,"column":4},"end":{"line":651,"column":5}},"loc":{"start":{"line":651,"column":14},"end":{"line":682,"column":5}},"line":651},"72":{"name":"(anonymous_72)","decl":{"start":{"line":671,"column":25},"end":{"line":671,"column":26}},"loc":{"start":{"line":671,"column":33},"end":{"line":671,"column":64}},"line":671},"73":{"name":"(anonymous_73)","decl":{"start":{"line":683,"column":4},"end":{"line":683,"column":5}},"loc":{"start":{"line":683,"column":18},"end":{"line":685,"column":5}},"line":683},"74":{"name":"(anonymous_74)","decl":{"start":{"line":686,"column":4},"end":{"line":686,"column":5}},"loc":{"start":{"line":686,"column":18},"end":{"line":688,"column":5}},"line":686},"75":{"name":"checkUuid","decl":{"start":{"line":691,"column":9},"end":{"line":691,"column":18}},"loc":{"start":{"line":691,"column":26},"end":{"line":701,"column":1}},"line":691}},"branchMap":{"0":{"loc":{"start":{"line":19,"column":26},"end":{"line":19,"column":47}},"type":"binary-expr","locations":[{"start":{"line":19,"column":26},"end":{"line":19,"column":41}},{"start":{"line":19,"column":45},"end":{"line":19,"column":47}}],"line":19},"1":{"loc":{"start":{"line":24,"column":8},"end":{"line":28,"column":9}},"type":"if","locations":[{"start":{"line":24,"column":8},"end":{"line":28,"column":9}},{"start":{"line":24,"column":8},"end":{"line":28,"column":9}}],"line":24},"2":{"loc":{"start":{"line":26,"column":12},"end":{"line":27,"column":49}},"type":"if","locations":[{"start":{"line":26,"column":12},"end":{"line":27,"column":49}},{"start":{"line":26,"column":12},"end":{"line":27,"column":49}}],"line":26},"3":{"loc":{"start":{"line":33,"column":8},"end":{"line":34,"column":97}},"type":"if","locations":[{"start":{"line":33,"column":8},"end":{"line":34,"column":97}},{"start":{"line":33,"column":8},"end":{"line":34,"column":97}}],"line":33},"4":{"loc":{"start":{"line":33,"column":12},"end":{"line":33,"column":37}},"type":"binary-expr","locations":[{"start":{"line":33,"column":12},"end":{"line":33,"column":21}},{"start":{"line":33,"column":25},"end":{"line":33,"column":37}}],"line":33},"5":{"loc":{"start":{"line":35,"column":8},"end":{"line":35,"column":144}},"type":"binary-expr","locations":[{"start":{"line":35,"column":8},"end":{"line":35,"column":23}},{"start":{"line":35,"column":27},"end":{"line":35,"column":144}}],"line":35},"6":{"loc":{"start":{"line":40,"column":23},"end":{"line":40,"column":41}},"type":"binary-expr","locations":[{"start":{"line":40,"column":23},"end":{"line":40,"column":35}},{"start":{"line":40,"column":39},"end":{"line":40,"column":41}}],"line":40},"7":{"loc":{"start":{"line":50,"column":8},"end":{"line":55,"column":9}},"type":"if","locations":[{"start":{"line":50,"column":8},"end":{"line":55,"column":9}},{"start":{"line":50,"column":8},"end":{"line":55,"column":9}}],"line":50},"8":{"loc":{"start":{"line":50,"column":12},"end":{"line":50,"column":28}},"type":"binary-expr","locations":[{"start":{"line":50,"column":12},"end":{"line":50,"column":15}},{"start":{"line":50,"column":19},"end":{"line":50,"column":28}}],"line":50},"9":{"loc":{"start":{"line":51,"column":12},"end":{"line":54,"column":49}},"type":"if","locations":[{"start":{"line":51,"column":12},"end":{"line":54,"column":49}},{"start":{"line":51,"column":12},"end":{"line":54,"column":49}}],"line":51},"10":{"loc":{"start":{"line":53,"column":17},"end":{"line":54,"column":49}},"type":"if","locations":[{"start":{"line":53,"column":17},"end":{"line":54,"column":49}},{"start":{"line":53,"column":17},"end":{"line":54,"column":49}}],"line":53},"11":{"loc":{"start":{"line":61,"column":8},"end":{"line":66,"column":9}},"type":"if","locations":[{"start":{"line":61,"column":8},"end":{"line":66,"column":9}},{"start":{"line":61,"column":8},"end":{"line":66,"column":9}}],"line":61},"12":{"loc":{"start":{"line":61,"column":12},"end":{"line":61,"column":28}},"type":"binary-expr","locations":[{"start":{"line":61,"column":12},"end":{"line":61,"column":15}},{"start":{"line":61,"column":19},"end":{"line":61,"column":28}}],"line":61},"13":{"loc":{"start":{"line":62,"column":12},"end":{"line":65,"column":46}},"type":"if","locations":[{"start":{"line":62,"column":12},"end":{"line":65,"column":46}},{"start":{"line":62,"column":12},"end":{"line":65,"column":46}}],"line":62},"14":{"loc":{"start":{"line":64,"column":17},"end":{"line":65,"column":46}},"type":"if","locations":[{"start":{"line":64,"column":17},"end":{"line":65,"column":46}},{"start":{"line":64,"column":17},"end":{"line":65,"column":46}}],"line":64},"15":{"loc":{"start":{"line":71,"column":8},"end":{"line":72,"column":19}},"type":"if","locations":[{"start":{"line":71,"column":8},"end":{"line":72,"column":19}},{"start":{"line":71,"column":8},"end":{"line":72,"column":19}}],"line":71},"16":{"loc":{"start":{"line":74,"column":29},"end":{"line":74,"column":64}},"type":"cond-expr","locations":[{"start":{"line":74,"column":44},"end":{"line":74,"column":59}},{"start":{"line":74,"column":62},"end":{"line":74,"column":64}}],"line":74},"17":{"loc":{"start":{"line":76,"column":8},"end":{"line":83,"column":9}},"type":"if","locations":[{"start":{"line":76,"column":8},"end":{"line":83,"column":9}},{"start":{"line":76,"column":8},"end":{"line":83,"column":9}}],"line":76},"18":{"loc":{"start":{"line":76,"column":12},"end":{"line":76,"column":35}},"type":"binary-expr","locations":[{"start":{"line":76,"column":12},"end":{"line":76,"column":18}},{"start":{"line":76,"column":22},"end":{"line":76,"column":35}}],"line":76},"19":{"loc":{"start":{"line":105,"column":8},"end":{"line":106,"column":24}},"type":"if","locations":[{"start":{"line":105,"column":8},"end":{"line":106,"column":24}},{"start":{"line":105,"column":8},"end":{"line":106,"column":24}}],"line":105},"20":{"loc":{"start":{"line":107,"column":8},"end":{"line":111,"column":9}},"type":"if","locations":[{"start":{"line":107,"column":8},"end":{"line":111,"column":9}},{"start":{"line":107,"column":8},"end":{"line":111,"column":9}}],"line":107},"21":{"loc":{"start":{"line":109,"column":12},"end":{"line":110,"column":29}},"type":"if","locations":[{"start":{"line":109,"column":12},"end":{"line":110,"column":29}},{"start":{"line":109,"column":12},"end":{"line":110,"column":29}}],"line":109},"22":{"loc":{"start":{"line":112,"column":8},"end":{"line":113,"column":25}},"type":"if","locations":[{"start":{"line":112,"column":8},"end":{"line":113,"column":25}},{"start":{"line":112,"column":8},"end":{"line":113,"column":25}}],"line":112},"23":{"loc":{"start":{"line":120,"column":19},"end":{"line":120,"column":79}},"type":"cond-expr","locations":[{"start":{"line":120,"column":34},"end":{"line":120,"column":74}},{"start":{"line":120,"column":77},"end":{"line":120,"column":79}}],"line":120},"24":{"loc":{"start":{"line":121,"column":15},"end":{"line":121,"column":76}},"type":"cond-expr","locations":[{"start":{"line":121,"column":27},"end":{"line":121,"column":68}},{"start":{"line":121,"column":72},"end":{"line":121,"column":76}}],"line":121},"25":{"loc":{"start":{"line":121,"column":27},"end":{"line":121,"column":68}},"type":"cond-expr","locations":[{"start":{"line":121,"column":35},"end":{"line":121,"column":56}},{"start":{"line":121,"column":60},"end":{"line":121,"column":68}}],"line":121},"26":{"loc":{"start":{"line":128,"column":8},"end":{"line":129,"column":75}},"type":"if","locations":[{"start":{"line":128,"column":8},"end":{"line":129,"column":75}},{"start":{"line":128,"column":8},"end":{"line":129,"column":75}}],"line":128},"27":{"loc":{"start":{"line":129,"column":30},"end":{"line":129,"column":74}},"type":"cond-expr","locations":[{"start":{"line":129,"column":45},"end":{"line":129,"column":67}},{"start":{"line":129,"column":70},"end":{"line":129,"column":74}}],"line":129},"28":{"loc":{"start":{"line":134,"column":8},"end":{"line":135,"column":25}},"type":"if","locations":[{"start":{"line":134,"column":8},"end":{"line":135,"column":25}},{"start":{"line":134,"column":8},"end":{"line":135,"column":25}}],"line":134},"29":{"loc":{"start":{"line":134,"column":12},"end":{"line":134,"column":59}},"type":"binary-expr","locations":[{"start":{"line":134,"column":12},"end":{"line":134,"column":30}},{"start":{"line":134,"column":34},"end":{"line":134,"column":59}}],"line":134},"30":{"loc":{"start":{"line":136,"column":8},"end":{"line":141,"column":35}},"type":"if","locations":[{"start":{"line":136,"column":8},"end":{"line":141,"column":35}},{"start":{"line":136,"column":8},"end":{"line":141,"column":35}}],"line":136},"31":{"loc":{"start":{"line":152,"column":8},"end":{"line":153,"column":42}},"type":"if","locations":[{"start":{"line":152,"column":8},"end":{"line":153,"column":42}},{"start":{"line":152,"column":8},"end":{"line":153,"column":42}}],"line":152},"32":{"loc":{"start":{"line":155,"column":8},"end":{"line":156,"column":59}},"type":"if","locations":[{"start":{"line":155,"column":8},"end":{"line":156,"column":59}},{"start":{"line":155,"column":8},"end":{"line":156,"column":59}}],"line":155},"33":{"loc":{"start":{"line":173,"column":8},"end":{"line":174,"column":32}},"type":"if","locations":[{"start":{"line":173,"column":8},"end":{"line":174,"column":32}},{"start":{"line":173,"column":8},"end":{"line":174,"column":32}}],"line":173},"34":{"loc":{"start":{"line":173,"column":12},"end":{"line":173,"column":41}},"type":"binary-expr","locations":[{"start":{"line":173,"column":12},"end":{"line":173,"column":21}},{"start":{"line":173,"column":25},"end":{"line":173,"column":41}}],"line":173},"35":{"loc":{"start":{"line":179,"column":8},"end":{"line":220,"column":10}},"type":"binary-expr","locations":[{"start":{"line":179,"column":8},"end":{"line":179,"column":20}},{"start":{"line":179,"column":24},"end":{"line":179,"column":46}},{"start":{"line":179,"column":50},"end":{"line":220,"column":10}}],"line":179},"36":{"loc":{"start":{"line":181,"column":12},"end":{"line":219,"column":13}},"type":"switch","locations":[{"start":{"line":182,"column":16},"end":{"line":195,"column":26}},{"start":{"line":196,"column":16},"end":{"line":205,"column":26}},{"start":{"line":206,"column":16},"end":{"line":218,"column":26}}],"line":181},"37":{"loc":{"start":{"line":183,"column":20},"end":{"line":194,"column":21}},"type":"if","locations":[{"start":{"line":183,"column":20},"end":{"line":194,"column":21}},{"start":{"line":183,"column":20},"end":{"line":194,"column":21}}],"line":183},"38":{"loc":{"start":{"line":187,"column":25},"end":{"line":194,"column":21}},"type":"if","locations":[{"start":{"line":187,"column":25},"end":{"line":194,"column":21}},{"start":{"line":187,"column":25},"end":{"line":194,"column":21}}],"line":187},"39":{"loc":{"start":{"line":191,"column":25},"end":{"line":194,"column":21}},"type":"if","locations":[{"start":{"line":191,"column":25},"end":{"line":194,"column":21}},{"start":{"line":191,"column":25},"end":{"line":194,"column":21}}],"line":191},"40":{"loc":{"start":{"line":197,"column":20},"end":{"line":204,"column":21}},"type":"if","locations":[{"start":{"line":197,"column":20},"end":{"line":204,"column":21}},{"start":{"line":197,"column":20},"end":{"line":204,"column":21}}],"line":197},"41":{"loc":{"start":{"line":201,"column":25},"end":{"line":204,"column":21}},"type":"if","locations":[{"start":{"line":201,"column":25},"end":{"line":204,"column":21}},{"start":{"line":201,"column":25},"end":{"line":204,"column":21}}],"line":201},"42":{"loc":{"start":{"line":207,"column":20},"end":{"line":217,"column":21}},"type":"if","locations":[{"start":{"line":207,"column":20},"end":{"line":217,"column":21}},{"start":{"line":207,"column":20},"end":{"line":217,"column":21}}],"line":207},"43":{"loc":{"start":{"line":210,"column":25},"end":{"line":217,"column":21}},"type":"if","locations":[{"start":{"line":210,"column":25},"end":{"line":217,"column":21}},{"start":{"line":210,"column":25},"end":{"line":217,"column":21}}],"line":210},"44":{"loc":{"start":{"line":214,"column":25},"end":{"line":217,"column":21}},"type":"if","locations":[{"start":{"line":214,"column":25},"end":{"line":217,"column":21}},{"start":{"line":214,"column":25},"end":{"line":217,"column":21}}],"line":214},"45":{"loc":{"start":{"line":224,"column":8},"end":{"line":245,"column":10}},"type":"binary-expr","locations":[{"start":{"line":224,"column":8},"end":{"line":224,"column":20}},{"start":{"line":224,"column":24},"end":{"line":224,"column":46}},{"start":{"line":224,"column":50},"end":{"line":245,"column":10}}],"line":224},"46":{"loc":{"start":{"line":228,"column":12},"end":{"line":244,"column":13}},"type":"switch","locations":[{"start":{"line":229,"column":16},"end":{"line":234,"column":26}},{"start":{"line":235,"column":16},"end":{"line":237,"column":26}},{"start":{"line":238,"column":16},"end":{"line":243,"column":26}}],"line":228},"47":{"loc":{"start":{"line":230,"column":20},"end":{"line":233,"column":112}},"type":"if","locations":[{"start":{"line":230,"column":20},"end":{"line":233,"column":112}},{"start":{"line":230,"column":20},"end":{"line":233,"column":112}}],"line":230},"48":{"loc":{"start":{"line":239,"column":20},"end":{"line":242,"column":136}},"type":"if","locations":[{"start":{"line":239,"column":20},"end":{"line":242,"column":136}},{"start":{"line":239,"column":20},"end":{"line":242,"column":136}}],"line":239},"49":{"loc":{"start":{"line":249,"column":8},"end":{"line":271,"column":10}},"type":"binary-expr","locations":[{"start":{"line":249,"column":8},"end":{"line":249,"column":20}},{"start":{"line":249,"column":24},"end":{"line":249,"column":47}},{"start":{"line":249,"column":51},"end":{"line":271,"column":10}}],"line":249},"50":{"loc":{"start":{"line":252,"column":12},"end":{"line":253,"column":51}},"type":"if","locations":[{"start":{"line":252,"column":12},"end":{"line":253,"column":51}},{"start":{"line":252,"column":12},"end":{"line":253,"column":51}}],"line":252},"51":{"loc":{"start":{"line":252,"column":16},"end":{"line":252,"column":93}},"type":"binary-expr","locations":[{"start":{"line":252,"column":16},"end":{"line":252,"column":26}},{"start":{"line":252,"column":30},"end":{"line":252,"column":54}},{"start":{"line":252,"column":58},"end":{"line":252,"column":93}}],"line":252},"52":{"loc":{"start":{"line":254,"column":12},"end":{"line":270,"column":13}},"type":"switch","locations":[{"start":{"line":255,"column":16},"end":{"line":257,"column":26}},{"start":{"line":258,"column":16},"end":{"line":260,"column":26}},{"start":{"line":261,"column":16},"end":{"line":263,"column":26}},{"start":{"line":264,"column":16},"end":{"line":266,"column":26}},{"start":{"line":267,"column":16},"end":{"line":269,"column":26}}],"line":254},"53":{"loc":{"start":{"line":272,"column":8},"end":{"line":275,"column":36}},"type":"if","locations":[{"start":{"line":272,"column":8},"end":{"line":275,"column":36}},{"start":{"line":272,"column":8},"end":{"line":275,"column":36}}],"line":272},"54":{"loc":{"start":{"line":279,"column":8},"end":{"line":282,"column":9}},"type":"if","locations":[{"start":{"line":279,"column":8},"end":{"line":282,"column":9}},{"start":{"line":279,"column":8},"end":{"line":282,"column":9}}],"line":279},"55":{"loc":{"start":{"line":279,"column":12},"end":{"line":279,"column":70}},"type":"binary-expr","locations":[{"start":{"line":279,"column":12},"end":{"line":279,"column":34}},{"start":{"line":279,"column":38},"end":{"line":279,"column":70}}],"line":279},"56":{"loc":{"start":{"line":281,"column":19},"end":{"line":281,"column":139}},"type":"binary-expr","locations":[{"start":{"line":281,"column":19},"end":{"line":281,"column":69}},{"start":{"line":281,"column":73},"end":{"line":281,"column":139}}],"line":281},"57":{"loc":{"start":{"line":287,"column":30},"end":{"line":287,"column":55}},"type":"binary-expr","locations":[{"start":{"line":287,"column":30},"end":{"line":287,"column":49}},{"start":{"line":287,"column":53},"end":{"line":287,"column":55}}],"line":287},"58":{"loc":{"start":{"line":288,"column":8},"end":{"line":290,"column":9}},"type":"if","locations":[{"start":{"line":288,"column":8},"end":{"line":290,"column":9}},{"start":{"line":288,"column":8},"end":{"line":290,"column":9}}],"line":288},"59":{"loc":{"start":{"line":288,"column":12},"end":{"line":288,"column":122}},"type":"binary-expr","locations":[{"start":{"line":288,"column":12},"end":{"line":288,"column":28}},{"start":{"line":288,"column":32},"end":{"line":288,"column":44}},{"start":{"line":288,"column":48},"end":{"line":288,"column":66}},{"start":{"line":288,"column":70},"end":{"line":288,"column":122}}],"line":288},"60":{"loc":{"start":{"line":291,"column":40},"end":{"line":291,"column":75}},"type":"binary-expr","locations":[{"start":{"line":291,"column":40},"end":{"line":291,"column":69}},{"start":{"line":291,"column":73},"end":{"line":291,"column":75}}],"line":291},"61":{"loc":{"start":{"line":296,"column":30},"end":{"line":296,"column":55}},"type":"binary-expr","locations":[{"start":{"line":296,"column":30},"end":{"line":296,"column":49}},{"start":{"line":296,"column":53},"end":{"line":296,"column":55}}],"line":296},"62":{"loc":{"start":{"line":298,"column":8},"end":{"line":305,"column":9}},"type":"if","locations":[{"start":{"line":298,"column":8},"end":{"line":305,"column":9}},{"start":{"line":298,"column":8},"end":{"line":305,"column":9}}],"line":298},"63":{"loc":{"start":{"line":300,"column":12},"end":{"line":303,"column":24}},"type":"if","locations":[{"start":{"line":300,"column":12},"end":{"line":303,"column":24}},{"start":{"line":300,"column":12},"end":{"line":303,"column":24}}],"line":300},"64":{"loc":{"start":{"line":300,"column":16},"end":{"line":300,"column":68}},"type":"binary-expr","locations":[{"start":{"line":300,"column":16},"end":{"line":300,"column":35}},{"start":{"line":300,"column":39},"end":{"line":300,"column":68}}],"line":300},"65":{"loc":{"start":{"line":310,"column":15},"end":{"line":310,"column":61}},"type":"cond-expr","locations":[{"start":{"line":310,"column":26},"end":{"line":310,"column":47}},{"start":{"line":310,"column":50},"end":{"line":310,"column":61}}],"line":310},"66":{"loc":{"start":{"line":315,"column":8},"end":{"line":316,"column":41}},"type":"if","locations":[{"start":{"line":315,"column":8},"end":{"line":316,"column":41}},{"start":{"line":315,"column":8},"end":{"line":316,"column":41}}],"line":315},"67":{"loc":{"start":{"line":315,"column":12},"end":{"line":315,"column":49}},"type":"binary-expr","locations":[{"start":{"line":315,"column":12},"end":{"line":315,"column":28}},{"start":{"line":315,"column":32},"end":{"line":315,"column":49}}],"line":315},"68":{"loc":{"start":{"line":323,"column":8},"end":{"line":324,"column":19}},"type":"if","locations":[{"start":{"line":323,"column":8},"end":{"line":324,"column":19}},{"start":{"line":323,"column":8},"end":{"line":324,"column":19}}],"line":323},"69":{"loc":{"start":{"line":326,"column":8},"end":{"line":327,"column":19}},"type":"if","locations":[{"start":{"line":326,"column":8},"end":{"line":327,"column":19}},{"start":{"line":326,"column":8},"end":{"line":327,"column":19}}],"line":326},"70":{"loc":{"start":{"line":329,"column":8},"end":{"line":330,"column":19}},"type":"if","locations":[{"start":{"line":329,"column":8},"end":{"line":330,"column":19}},{"start":{"line":329,"column":8},"end":{"line":330,"column":19}}],"line":329},"71":{"loc":{"start":{"line":335,"column":12},"end":{"line":336,"column":23}},"type":"if","locations":[{"start":{"line":335,"column":12},"end":{"line":336,"column":23}},{"start":{"line":335,"column":12},"end":{"line":336,"column":23}}],"line":335},"72":{"loc":{"start":{"line":335,"column":16},"end":{"line":335,"column":60}},"type":"binary-expr","locations":[{"start":{"line":335,"column":16},"end":{"line":335,"column":33}},{"start":{"line":335,"column":37},"end":{"line":335,"column":60}}],"line":335},"73":{"loc":{"start":{"line":341,"column":8},"end":{"line":349,"column":9}},"type":"if","locations":[{"start":{"line":341,"column":8},"end":{"line":349,"column":9}},{"start":{"line":341,"column":8},"end":{"line":349,"column":9}}],"line":341},"74":{"loc":{"start":{"line":344,"column":12},"end":{"line":348,"column":13}},"type":"if","locations":[{"start":{"line":344,"column":12},"end":{"line":348,"column":13}},{"start":{"line":344,"column":12},"end":{"line":348,"column":13}}],"line":344},"75":{"loc":{"start":{"line":346,"column":16},"end":{"line":347,"column":49}},"type":"if","locations":[{"start":{"line":346,"column":16},"end":{"line":347,"column":49}},{"start":{"line":346,"column":16},"end":{"line":347,"column":49}}],"line":346},"76":{"loc":{"start":{"line":354,"column":12},"end":{"line":356,"column":13}},"type":"if","locations":[{"start":{"line":354,"column":12},"end":{"line":356,"column":13}},{"start":{"line":354,"column":12},"end":{"line":356,"column":13}}],"line":354},"77":{"loc":{"start":{"line":359,"column":12},"end":{"line":366,"column":13}},"type":"if","locations":[{"start":{"line":359,"column":12},"end":{"line":366,"column":13}},{"start":{"line":359,"column":12},"end":{"line":366,"column":13}}],"line":359},"78":{"loc":{"start":{"line":363,"column":17},"end":{"line":366,"column":13}},"type":"if","locations":[{"start":{"line":363,"column":17},"end":{"line":366,"column":13}},{"start":{"line":363,"column":17},"end":{"line":366,"column":13}}],"line":363},"79":{"loc":{"start":{"line":370,"column":8},"end":{"line":378,"column":9}},"type":"if","locations":[{"start":{"line":370,"column":8},"end":{"line":378,"column":9}},{"start":{"line":370,"column":8},"end":{"line":378,"column":9}}],"line":370},"80":{"loc":{"start":{"line":370,"column":12},"end":{"line":370,"column":56}},"type":"binary-expr","locations":[{"start":{"line":370,"column":12},"end":{"line":370,"column":30}},{"start":{"line":370,"column":34},"end":{"line":370,"column":56}}],"line":370},"81":{"loc":{"start":{"line":375,"column":16},"end":{"line":376,"column":40}},"type":"if","locations":[{"start":{"line":375,"column":16},"end":{"line":376,"column":40}},{"start":{"line":375,"column":16},"end":{"line":376,"column":40}}],"line":375},"82":{"loc":{"start":{"line":375,"column":20},"end":{"line":375,"column":50}},"type":"binary-expr","locations":[{"start":{"line":375,"column":20},"end":{"line":375,"column":24}},{"start":{"line":375,"column":28},"end":{"line":375,"column":50}}],"line":375},"83":{"loc":{"start":{"line":381,"column":8},"end":{"line":387,"column":9}},"type":"if","locations":[{"start":{"line":381,"column":8},"end":{"line":387,"column":9}},{"start":{"line":381,"column":8},"end":{"line":387,"column":9}}],"line":381},"84":{"loc":{"start":{"line":394,"column":8},"end":{"line":395,"column":27}},"type":"if","locations":[{"start":{"line":394,"column":8},"end":{"line":395,"column":27}},{"start":{"line":394,"column":8},"end":{"line":395,"column":27}}],"line":394},"85":{"loc":{"start":{"line":405,"column":12},"end":{"line":406,"column":23}},"type":"if","locations":[{"start":{"line":405,"column":12},"end":{"line":406,"column":23}},{"start":{"line":405,"column":12},"end":{"line":406,"column":23}}],"line":405},"86":{"loc":{"start":{"line":415,"column":8},"end":{"line":416,"column":24}},"type":"if","locations":[{"start":{"line":415,"column":8},"end":{"line":416,"column":24}},{"start":{"line":415,"column":8},"end":{"line":416,"column":24}}],"line":415},"87":{"loc":{"start":{"line":417,"column":8},"end":{"line":425,"column":9}},"type":"if","locations":[{"start":{"line":417,"column":8},"end":{"line":425,"column":9}},{"start":{"line":417,"column":8},"end":{"line":425,"column":9}}],"line":417},"88":{"loc":{"start":{"line":419,"column":12},"end":{"line":424,"column":13}},"type":"if","locations":[{"start":{"line":419,"column":12},"end":{"line":424,"column":13}},{"start":{"line":419,"column":12},"end":{"line":424,"column":13}}],"line":419},"89":{"loc":{"start":{"line":421,"column":16},"end":{"line":422,"column":31}},"type":"if","locations":[{"start":{"line":421,"column":16},"end":{"line":422,"column":31}},{"start":{"line":421,"column":16},"end":{"line":422,"column":31}}],"line":421},"90":{"loc":{"start":{"line":427,"column":8},"end":{"line":428,"column":24}},"type":"if","locations":[{"start":{"line":427,"column":8},"end":{"line":428,"column":24}},{"start":{"line":427,"column":8},"end":{"line":428,"column":24}}],"line":427},"91":{"loc":{"start":{"line":431,"column":8},"end":{"line":434,"column":9}},"type":"if","locations":[{"start":{"line":431,"column":8},"end":{"line":434,"column":9}},{"start":{"line":431,"column":8},"end":{"line":434,"column":9}}],"line":431},"92":{"loc":{"start":{"line":432,"column":35},"end":{"line":432,"column":68}},"type":"binary-expr","locations":[{"start":{"line":432,"column":35},"end":{"line":432,"column":55}},{"start":{"line":432,"column":59},"end":{"line":432,"column":68}}],"line":432},"93":{"loc":{"start":{"line":443,"column":8},"end":{"line":472,"column":9}},"type":"if","locations":[{"start":{"line":443,"column":8},"end":{"line":472,"column":9}},{"start":{"line":443,"column":8},"end":{"line":472,"column":9}}],"line":443},"94":{"loc":{"start":{"line":445,"column":12},"end":{"line":455,"column":13}},"type":"if","locations":[{"start":{"line":445,"column":12},"end":{"line":455,"column":13}},{"start":{"line":445,"column":12},"end":{"line":455,"column":13}}],"line":445},"95":{"loc":{"start":{"line":450,"column":17},"end":{"line":455,"column":13}},"type":"if","locations":[{"start":{"line":450,"column":17},"end":{"line":455,"column":13}},{"start":{"line":450,"column":17},"end":{"line":455,"column":13}}],"line":450},"96":{"loc":{"start":{"line":453,"column":16},"end":{"line":454,"column":39}},"type":"if","locations":[{"start":{"line":453,"column":16},"end":{"line":454,"column":39}},{"start":{"line":453,"column":16},"end":{"line":454,"column":39}}],"line":453},"97":{"loc":{"start":{"line":457,"column":13},"end":{"line":472,"column":9}},"type":"if","locations":[{"start":{"line":457,"column":13},"end":{"line":472,"column":9}},{"start":{"line":457,"column":13},"end":{"line":472,"column":9}}],"line":457},"98":{"loc":{"start":{"line":464,"column":12},"end":{"line":471,"column":13}},"type":"if","locations":[{"start":{"line":464,"column":12},"end":{"line":471,"column":13}},{"start":{"line":464,"column":12},"end":{"line":471,"column":13}}],"line":464},"99":{"loc":{"start":{"line":468,"column":20},"end":{"line":469,"column":83}},"type":"if","locations":[{"start":{"line":468,"column":20},"end":{"line":469,"column":83}},{"start":{"line":468,"column":20},"end":{"line":469,"column":83}}],"line":468},"100":{"loc":{"start":{"line":476,"column":8},"end":{"line":481,"column":9}},"type":"if","locations":[{"start":{"line":476,"column":8},"end":{"line":481,"column":9}},{"start":{"line":476,"column":8},"end":{"line":481,"column":9}}],"line":476},"101":{"loc":{"start":{"line":478,"column":16},"end":{"line":480,"column":17}},"type":"if","locations":[{"start":{"line":478,"column":16},"end":{"line":480,"column":17}},{"start":{"line":478,"column":16},"end":{"line":480,"column":17}}],"line":478},"102":{"loc":{"start":{"line":492,"column":12},"end":{"line":493,"column":89}},"type":"if","locations":[{"start":{"line":492,"column":12},"end":{"line":493,"column":89}},{"start":{"line":492,"column":12},"end":{"line":493,"column":89}}],"line":492},"103":{"loc":{"start":{"line":507,"column":12},"end":{"line":532,"column":13}},"type":"if","locations":[{"start":{"line":507,"column":12},"end":{"line":532,"column":13}},{"start":{"line":507,"column":12},"end":{"line":532,"column":13}}],"line":507},"104":{"loc":{"start":{"line":512,"column":16},"end":{"line":513,"column":37}},"type":"if","locations":[{"start":{"line":512,"column":16},"end":{"line":513,"column":37}},{"start":{"line":512,"column":16},"end":{"line":513,"column":37}}],"line":512},"105":{"loc":{"start":{"line":516,"column":20},"end":{"line":517,"column":31}},"type":"if","locations":[{"start":{"line":516,"column":20},"end":{"line":517,"column":31}},{"start":{"line":516,"column":20},"end":{"line":517,"column":31}}],"line":516},"106":{"loc":{"start":{"line":521,"column":20},"end":{"line":526,"column":21}},"type":"if","locations":[{"start":{"line":521,"column":20},"end":{"line":526,"column":21}},{"start":{"line":521,"column":20},"end":{"line":526,"column":21}}],"line":521},"107":{"loc":{"start":{"line":529,"column":20},"end":{"line":530,"column":47}},"type":"if","locations":[{"start":{"line":529,"column":20},"end":{"line":530,"column":47}},{"start":{"line":529,"column":20},"end":{"line":530,"column":47}}],"line":529},"108":{"loc":{"start":{"line":543,"column":8},"end":{"line":544,"column":107}},"type":"if","locations":[{"start":{"line":543,"column":8},"end":{"line":544,"column":107}},{"start":{"line":543,"column":8},"end":{"line":544,"column":107}}],"line":543},"109":{"loc":{"start":{"line":545,"column":8},"end":{"line":546,"column":72}},"type":"if","locations":[{"start":{"line":545,"column":8},"end":{"line":546,"column":72}},{"start":{"line":545,"column":8},"end":{"line":546,"column":72}}],"line":545},"110":{"loc":{"start":{"line":547,"column":8},"end":{"line":555,"column":9}},"type":"if","locations":[{"start":{"line":547,"column":8},"end":{"line":555,"column":9}},{"start":{"line":547,"column":8},"end":{"line":555,"column":9}}],"line":547},"111":{"loc":{"start":{"line":549,"column":12},"end":{"line":554,"column":13}},"type":"if","locations":[{"start":{"line":549,"column":12},"end":{"line":554,"column":13}},{"start":{"line":549,"column":12},"end":{"line":554,"column":13}}],"line":549},"112":{"loc":{"start":{"line":562,"column":8},"end":{"line":563,"column":107}},"type":"if","locations":[{"start":{"line":562,"column":8},"end":{"line":563,"column":107}},{"start":{"line":562,"column":8},"end":{"line":563,"column":107}}],"line":562},"113":{"loc":{"start":{"line":570,"column":8},"end":{"line":571,"column":107}},"type":"if","locations":[{"start":{"line":570,"column":8},"end":{"line":571,"column":107}},{"start":{"line":570,"column":8},"end":{"line":571,"column":107}}],"line":570},"114":{"loc":{"start":{"line":572,"column":8},"end":{"line":580,"column":9}},"type":"if","locations":[{"start":{"line":572,"column":8},"end":{"line":
[...]
,"column":17}},"type":"if","locations":[{"start":{"line":113,"column":16},"end":{"line":117,"column":17}},{"start":{"line":113,"column":16},"end":{"line":117,"column":17}}],"line":113},"15":{"loc":{"start":{"line":123,"column":16},"end":{"line":127,"column":17}},"type":"if","locations":[{"start":{"line":123,"column":16},"end":{"line":127,"column":17}},{"start":{"line":123,"column":16},"end":{"line":127,"column":17}}],"line":123},"16":{"loc":{"start":{"line":138,"column":16},"end":{"line":142,"column":17}},"type":"if","locations":[{"start":{"line":138,"column":16},"end":{"line":142,"column":17}},{"start":{"line":138,"column":16},"end":{"line":142,"column":17}}],"line":138},"17":{"loc":{"start":{"line":153,"column":4},"end":{"line":188,"column":6}},"type":"binary-expr","locations":[{"start":{"line":153,"column":4},"end":{"line":153,"column":20}},{"start":{"line":153,"column":24},"end":{"line":188,"column":6}}],"line":153},"18":{"loc":{"start":{"line":155,"column":29},"end":{"line":155,"column":67}},"type":"binary-expr","locations":[{"start":{"line":155,"column":29},"end":{"line":155,"column":47}},{"start":{"line":155,"column":51},"end":{"line":155,"column":67}}],"line":155},"19":{"loc":{"start":{"line":157,"column":8},"end":{"line":187,"column":9}},"type":"switch","locations":[{"start":{"line":158,"column":12},"end":{"line":165,"column":22}},{"start":{"line":166,"column":12},"end":{"line":173,"column":22}},{"start":{"line":174,"column":12},"end":{"line":186,"column":22}}],"line":157},"20":{"loc":{"start":{"line":176,"column":16},"end":{"line":185,"column":17}},"type":"if","locations":[{"start":{"line":176,"column":16},"end":{"line":185,"column":17}},{"start":{"line":176,"column":16},"end":{"line":185,"column":17}}],"line":176},"21":{"loc":{"start":{"line":191,"column":4},"end":{"line":218,"column":6}},"type":"binary-expr","locations":[{"start":{"line":191,"column":4},"end":{"line":191,"column":20}},{"start":{"line":191,"column":24},"end":{"line":218,"column":6}}],"line":191},"22":{"loc":{"start":{"line":194,"column":8},"end":{"line":217,"column":9}},"type":"switch","locations":[{"start":{"line":195,"column":12},"end":{"line":202,"column":22}},{"start":{"line":203,"column":12},"end":{"line":210,"column":22}},{"start":{"line":211,"column":12},"end":{"line":216,"column":22}}],"line":194},"23":{"loc":{"start":{"line":212,"column":27},"end":{"line":212,"column":143}},"type":"cond-expr","locations":[{"start":{"line":212,"column":100},"end":{"line":212,"column":120}},{"start":{"line":212,"column":123},"end":{"line":212,"column":143}}],"line":212},"24":{"loc":{"start":{"line":228,"column":44},"end":{"line":228,"column":64}},"type":"cond-expr","locations":[{"start":{"line":228,"column":56},"end":{"line":228,"column":59}},{"start":{"line":228,"column":62},"end":{"line":228,"column":64}}],"line":228},"25":{"loc":{"start":{"line":238,"column":16},"end":{"line":238,"column":39}},"type":"binary-expr","locations":[{"start":{"line":238,"column":16},"end":{"line":238,"column":33}},{"start":{"line":238,"column":37},"end":{"line":238,"column":39}}],"line":238},"26":{"loc":{"start":{"line":240,"column":8},"end":{"line":241,"column":19}},"type":"if","locations":[{"start":{"line":240,"column":8},"end":{"line":241,"column":19}},{"start":{"line":240,"column":8},"end":{"line":241,"column":19}}],"line":240},"27":{"loc":{"start":{"line":240,"column":12},"end":{"line":240,"column":113}},"type":"binary-expr","locations":[{"start":{"line":240,"column":12},"end":{"line":240,"column":60}},{"start":{"line":240,"column":64},"end":{"line":240,"column":113}}],"line":240},"28":{"loc":{"start":{"line":246,"column":4},"end":{"line":265,"column":6}},"type":"binary-expr","locations":[{"start":{"line":246,"column":4},"end":{"line":246,"column":20}},{"start":{"line":246,"column":24},"end":{"line":265,"column":6}}],"line":246},"29":{"loc":{"start":{"line":249,"column":8},"end":{"line":259,"column":9}},"type":"switch","locations":[{"start":{"line":250,"column":12},"end":{"line":252,"column":22}},{"start":{"line":253,"column":12},"end":{"line":255,"column":22}},{"start":{"line":256,"column":12},"end":{"line":258,"column":22}}],"line":249},"30":{"loc":{"start":{"line":260,"column":8},"end":{"line":264,"column":9}},"type":"if","locations":[{"start":{"line":260,"column":8},"end":{"line":264,"column":9}},{"start":{"line":260,"column":8},"end":{"line":264,"column":9}}],"line":260},"31":{"loc":{"start":{"line":271,"column":16},"end":{"line":271,"column":39}},"type":"binary-expr","locations":[{"start":{"line":271,"column":16},"end":{"line":271,"column":33}},{"start":{"line":271,"column":37},"end":{"line":271,"column":39}}],"line":271},"32":{"loc":{"start":{"line":273,"column":8},"end":{"line":274,"column":19}},"type":"if","locations":[{"start":{"line":273,"column":8},"end":{"line":274,"column":19}},{"start":{"line":273,"column":8},"end":{"line":274,"column":19}}],"line":273},"33":{"loc":{"start":{"line":273,"column":12},"end":{"line":273,"column":113}},"type":"binary-expr","locations":[{"start":{"line":273,"column":12},"end":{"line":273,"column":60}},{"start":{"line":273,"column":64},"end":{"line":273,"column":113}}],"line":273},"34":{"loc":{"start":{"line":276,"column":8},"end":{"line":321,"column":9}},"type":"if","locations":[{"start":{"line":276,"column":8},"end":{"line":321,"column":9}},{"start":{"line":276,"column":8},"end":{"line":321,"column":9}}],"line":276},"35":{"loc":{"start":{"line":282,"column":12},"end":{"line":320,"column":13}},"type":"switch","locations":[{"start":{"line":283,"column":16},"end":{"line":287,"column":26}},{"start":{"line":288,"column":16},"end":{"line":292,"column":26}},{"start":{"line":293,"column":16},"end":{"line":297,"column":26}},{"start":{"line":298,"column":16},"end":{"line":302,"column":26}},{"start":{"line":303,"column":16},"end":{"line":307,"column":26}},{"start":{"line":308,"column":16},"end":{"line":312,"column":26}},{"start":{"line":313,"column":16},"end":{"line":317,"column":26}},{"start":{"line":318,"column":16},"end":{"line":319,"column":26}}],"line":282},"36":{"loc":{"start":{"line":348,"column":8},"end":{"line":355,"column":9}},"type":"if","locations":[{"start":{"line":348,"column":8},"end":{"line":355,"column":9}},{"start":{"line":348,"column":8},"end":{"line":355,"column":9}}],"line":348},"37":{"loc":{"start":{"line":349,"column":12},"end":{"line":350,"column":30}},"type":"if","locations":[{"start":{"line":349,"column":12},"end":{"line":350,"column":30}},{"start":{"line":349,"column":12},"end":{"line":350,"column":30}}],"line":349}},"s":{"0":1,"1":1,"2":1,"3":1,"4":1,"5":1,"6":0,"7":0,"8":0,"9":0,"10":0,"11":0,"12":0,"13":0,"14":0,"15":0,"16":0,"17":0,"18":0,"19":0,"20":0,"21":0,"22":0,"23":0,"24":0,"25":0,"26":0,"27":0,"28":0,"29":0,"30":0,"31":0,"32":0,"33":0,"34":0,"35":0,"36":0,"37":0,"38":0,"39":0,"40":0,"41":0,"42":0,"43":0,"44":0,"45":0,"46":0,"47":0,"48":0,"49":0,"50":0,"51":0,"52":0,"53":0,"54":0,"55":0,"56":0,"57":0,"58":0,"59":0,"60":0,"61":0,"62":0,"63":0,"64":0,"65":0,"66":0,"67":0,"68":0,"69":0,"70":0,"71":0,"72":0,"73":0,"74":0,"75":0,"76":0,"77":0,"78":0,"79":0,"80":0,"81":0,"82":0,"83":0,"84":0,"85":0,"86":0,"87":0,"88":0,"89":0,"90":0,"91":0,"92":0,"93":0,"94":0,"95":0,"96":0,"97":0,"98":0,"99":0,"100":0,"101":0,"102":0,"103":0,"104":0,"105":0,"106":0,"107":0,"108":0,"109":0,"110":0,"111":0,"112":0,"113":0,"114":0,"115":0,"116":0,"117":0,"118":0,"119":0,"120":0,"121":0,"122":0,"123":0,"124":0,"125":0,"126":0,"127":0,"128":0,"129":0,"130":0,"131":0,"132":0,"133":0,"134":0,"135":0,"136":0,"137":0,"138":0,"139":0,"140":0,"141":0,"142":0,"143":0,"144":0,"145":0,"146":0,"147":0,"148":0,"149":0,"150":0,"151":0,"152":0,"153":0,"154":0,"155":0,"156":0,"157":0,"158":0,"159":0,"160":0,"161":0,"162":0,"163":0,"164":0,"165":0,"166":0,"167":0,"168":0,"169":0,"170":0,"171":0,"172":0,"173":0,"174":0,"175":0,"176":0,"177":0,"178":0,"179":0,"180":0,"181":0,"182":0,"183":0,"184":0,"185":0,"186":0,"187":0,"188":0,"189":0,"190":0,"191":0,"192":0,"193":0,"194":0,"195":0,"196":0,"197":0,"198":0,"199":0,"200":0,"201":0,"202":0,"203":0,"204":0,"205":0,"206":0,"207":0,"208":0,"209":0,"210":0,"211":0,"212":0,"213":0,"214":0,"215":0,"216":0,"217":0,"218":0,"219":0,"220":0,"221":0,"222":0,"223":0,"224":0,"225":0,"226":0,"227":0,"228":0,"229":0,"230":0,"231":0,"232":0,"233":0,"234":0,"235":0,"236":0,"237":0,"238":0,"239":0,"240":0,"241":0,"242":0,"243":0,"244":0,"245":0,"246":0,"247":0,"248":0,"249":0,"250":0,"251":1,"252":0,"253":0,"254":0,"255":0,"256":0,"257":0,"258":0,"259":0,"260":0,"261":0,"262":0,"263":0,"264":0,"265":0,"266":0,"267":0},"f":{"0":0,"1":0,"2":0,"3":0,"4":0,"5":0,"6":0,"7":0,"8":0,"9":0,"10":0,"11":0,"12":0,"13":0,"14":0,"15":0,"16":0,"17":0,"18":0,"19":0,"20":0,"21":0},"b":{"0":[0,0],"1":[0,0],"2":[0,0],"3":[0,0],"4":[0,0],"5":[0,0],"6":[0,0],"7":[0,0],"8":[0,0],"9":[0,0],"10":[0,0],"11":[0,0],"12":[0,0],"13":[0,0,0,0,0],"14":[0,0],"15":[0,0],"16":[0,0],"17":[0,0],"18":[0,0],"19":[0,0,0],"20":[0,0],"21":[0,0],"22":[0,0,0],"23":[0,0],"24":[0,0],"25":[0,0],"26":[0,0],"27":[0,0],"28":[0,0],"29":[0,0,0],"30":[0,0],"31":[0,0],"32":[0,0],"33":[0,0],"34":[0,0],"35":[0,0,0,0,0,0,0,0],"36":[0,0],"37":[0,0]},"_coverageSchema":"43e27e138ebf9cfc5966b082cf9a028302ed4184","hash":"5ee45117f00da4b741c1ecb8c0ec1e42dbfd979a","contentHash":"40fbc2275b553eb5955b956698143817"},"C:\\Z-PERS\\histria-js\\lib\\serialization\\serialization.js":{"path":"C:\\Z-PERS\\histria-js\\lib\\serialization\\serialization.js","statementMap":{"0":{"start":{"line":2,"column":0},"end":{"line":2,"column":62}},"1":{"start":{"line":3,"column":13},"end":{"line":3,"column":28}},"2":{"start":{"line":4,"column":24},"end":{"line":4,"column":48}},"3":{"start":{"line":6,"column":19},"end":{"line":6,"column":21}},"4":{"start":{"line":7,"column":4},"end":{"line":7,"column":75}},"5":{"start":{"line":8,"column":4},"end":{"line":8,"column":18}},"6":{"start":{"line":10,"column":0},"end":{"line":10,"column":46}},"7":{"start":{"line":12,"column":13},"end":{"line":12,"column":44}},"8":{"start":{"line":13,"column":27},"end":{"line":13,"column":47}},"9":{"start":{"line":14,"column":4},"end":{"line":15,"column":46}},"10":{"start":{"line":15,"column":8},"end":{"line":15,"column":46}},"11":{"start":{"line":16,"column":4},"end":{"line":83,"column":5}},"12":{"start":{"line":17,"column":25},"end":{"line":17,"column":46}},"13":{"start":{"line":18,"column":17},"end":{"line":18,"column":31}},"14":{"start":{"line":19,"column":30},"end":{"line":19,"column":38}},"15":{"start":{"line":22,"column":25},"end":{"line":22,"column":30}},"16":{"start":{"line":23,"column":8},"end":{"line":50,"column":9}},"17":{"start":{"line":24,"column":12},"end":{"line":27,"column":13}},"18":{"start":{"line":25,"column":16},"end":{"line":25,"column":35}},"19":{"start":{"line":26,"column":16},"end":{"line":26,"column":22}},"20":{"start":{"line":28,"column":23},"end":{"line":28,"column":51}},"21":{"start":{"line":29,"column":12},"end":{"line":30,"column":134}},"22":{"start":{"line":30,"column":16},"end":{"line":30,"column":134}},"23":{"start":{"line":31,"column":12},"end":{"line":49,"column":13}},"24":{"start":{"line":32,"column":16},"end":{"line":32,"column":34}},"25":{"start":{"line":33,"column":16},"end":{"line":33,"column":31}},"26":{"start":{"line":34,"column":16},"end":{"line":42,"column":17}},"27":{"start":{"line":35,"column":20},"end":{"line":35,"column":79}},"28":{"start":{"line":36,"column":20},"end":{"line":36,"column":38}},"29":{"start":{"line":37,"column":20},"end":{"line":37,"column":26}},"30":{"start":{"line":40,"column":20},"end":{"line":40,"column":71}},"31":{"start":{"line":41,"column":20},"end":{"line":41,"column":38}},"32":{"start":{"line":45,"column":16},"end":{"line":45,"column":35}},"33":{"start":{"line":46,"column":16},"end":{"line":46,"column":49}},"34":{"start":{"line":47,"column":16},"end":{"line":47,"column":57}},"35":{"start":{"line":48,"column":16},"end":{"line":48,"column":22}},"36":{"start":{"line":51,"column":8},"end":{"line":82,"column":9}},"37":{"start":{"line":52,"column":12},"end":{"line":53,"column":25}},"38":{"start":{"line":53,"column":16},"end":{"line":53,"column":25}},"39":{"start":{"line":54,"column":12},"end":{"line":70,"column":13}},"40":{"start":{"line":55,"column":16},"end":{"line":55,"column":58}},"41":{"start":{"line":56,"column":16},"end":{"line":60,"column":17}},"42":{"start":{"line":57,"column":29},"end":{"line":57,"column":31}},"43":{"start":{"line":58,"column":20},"end":{"line":58,"column":46}},"44":{"start":{"line":59,"column":20},"end":{"line":59,"column":66}},"45":{"start":{"line":61,"column":16},"end":{"line":65,"column":17}},"46":{"start":{"line":62,"column":38},"end":{"line":62,"column":55}},"47":{"start":{"line":63,"column":20},"end":{"line":64,"column":61}},"48":{"start":{"line":64,"column":24},"end":{"line":64,"column":61}},"49":{"start":{"line":68,"column":16},"end":{"line":68,"column":58}},"50":{"start":{"line":69,"column":16},"end":{"line":69,"column":89}},"51":{"start":{"line":73,"column":12},"end":{"line":74,"column":36}},"52":{"start":{"line":74,"column":16},"end":{"line":74,"column":36}},"53":{"start":{"line":75,"column":12},"end":{"line":76,"column":41}},"54":{"start":{"line":76,"column":16},"end":{"line":76,"column":41}},"55":{"start":{"line":77,"column":12},"end":{"line":81,"column":13}},"56":{"start":{"line":78,"column":34},"end":{"line":78,"column":51}},"57":{"start":{"line":79,"column":16},"end":{"line":80,"column":57}},"58":{"start":{"line":80,"column":20},"end":{"line":80,"column":57}},"59":{"start":{"line":84,"column":4},"end":{"line":85,"column":30}},"60":{"start":{"line":85,"column":8},"end":{"line":85,"column":30}}},"fnMap":{"0":{"name":"serializeInstance","decl":{"start":{"line":5,"column":15},"end":{"line":5,"column":32}},"loc":{"start":{"line":5,"column":52},"end":{"line":9,"column":1}},"line":5},"1":{"name":"_serialize","decl":{"start":{"line":11,"column":15},"end":{"line":11,"column":25}},"loc":{"start":{"line":11,"column":68},"end":{"line":86,"column":1}},"line":11}},"branchMap":{"0":{"loc":{"start":{"line":14,"column":4},"end":{"line":15,"column":46}},"type":"if","locations":[{"start":{"line":14,"column":4},"end":{"line":15,"column":46}},{"start":{"line":14,"column":4},"end":{"line":15,"column":46}}],"line":14},"1":{"loc":{"start":{"line":15,"column":25},"end":{"line":15,"column":45}},"type":"binary-expr","locations":[{"start":{"line":15,"column":25},"end":{"line":15,"column":39}},{"start":{"line":15,"column":43},"end":{"line":15,"column":45}}],"line":15},"2":{"loc":{"start":{"line":24,"column":12},"end":{"line":27,"column":13}},"type":"if","locations":[{"start":{"line":24,"column":12},"end":{"line":27,"column":13}},{"start":{"line":24,"column":12},"end":{"line":27,"column":13}}],"line":24},"3":{"loc":{"start":{"line":29,"column":12},"end":{"line":30,"column":134}},"type":"if","locations":[{"start":{"line":29,"column":12},"end":{"line":30,"column":134}},{"start":{"line":29,"column":12},"end":{"line":30,"column":134}}],"line":29},"4":{"loc":{"start":{"line":31,"column":12},"end":{"line":49,"column":13}},"type":"if","locations":[{"start":{"line":31,"column":12},"end":{"line":49,"column":13}},{"start":{"line":31,"column":12},"end":{"line":49,"column":13}}],"line":31},"5":{"loc":{"start":{"line":34,"column":16},"end":{"line":42,"column":17}},"type":"if","locations":[{"start":{"line":34,"column":16},"end":{"line":42,"column":17}},{"start":{"line":34,"column":16},"end":{"line":42,"column":17}}],"line":34},"6":{"loc":{"start":{"line":51,"column":8},"end":{"line":82,"column":9}},"type":"if","locations":[{"start":{"line":51,"column":8},"end":{"line":82,"column":9}},{"start":{"line":51,"column":8},"end":{"line":82,"column":9}}],"line":51},"7":{"loc":{"start":{"line":52,"column":12},"end":{"line":53,"column":25}},"type":"if","locations":[{"start":{"line":52,"column":12},"end":{"line":53,"column":25}},{"start":{"line":52,"column":12},"end":{"line":53,"column":25}}],"line":52},"8":{"loc":{"start":{"line":54,"column":12},"end":{"line":70,"column":13}},"type":"if","locations":[{"start":{"line":54,"column":12},"end":{"line":70,"column":13}},{"start":{"line":54,"column":12},"end":{"line":70,"column":13}}],"line":54},"9":{"loc":{"start":{"line":55,"column":35},"end":{"line":55,"column":57}},"type":"binary-expr","locations":[{"start":{"line":55,"column":35},"end":{"line":55,"column":51}},{"start":{"line":55,"column":55},"end":{"line":55,"column":57}}],"line":55},"10":{"loc":{"start":{"line":61,"column":16},"end":{"line":65,"column":17}},"type":"if","locations":[{"start":{"line":61,"column":16},"end":{"line":65,"column":17}},{"start":{"line":61,"column":16},"end":{"line":65,"column":17}}],"line":61},"11":{"loc":{"start":{"line":63,"column":20},"end":{"line":64,"column":61}},"type":"if","locations":[{"start":{"line":63,"column":20},"end":{"line":64,"column":61}},{"start":{"line":63,"column":20},"end":{"line":64,"column":61}}],"line":63},"12":{"loc":{"start":{"line":68,"column":35},"end":{"line":68,"column":57}},"type":"binary-expr","locations":[{"start":{"line":68,"column":35},"end":{"line":68,"column":51}},{"start":{"line":68,"column":55},"end":{"line":68,"column":57}}],"line":68},"13":{"loc":{"start":{"line":73,"column":12},"end":{"line":74,"column":36}},"type":"if","locations":[{"start":{"line":73,"column":12},"end":{"line":74,"column":36}},{"start":{"line":73,"column":12},"end":{"line":74,"column":36}}],"line":73},"14":{"loc":{"start":{"line":73,"column":16},"end":{"line":73,"column":50}},"type":"binary-expr","locations":[{"start":{"line":73,"column":16},"end":{"line":73,"column":21}},{"start":{"line":73,"column":25},"end":{"line":73,"column":50}}],"line":73},"15":{"loc":{"start":{"line":75,"column":12},"end":{"line":76,"column":41}},"type":"if","locations":[{"start":{"line":75,"column":12},"end":{"line":76,"column":41}},{"start":{"line":75,"column":12},"end":{"line":76,"column":41}}],"line":75},"16":{"loc":{"start":{"line":75,"column":16},"end":{"line":75,"column":53}},"type":"binary-expr","locations":[{"start":{"line":75,"column":16},"end":{"line":75,"column":35}},{"start":{"line":75,"column":39},"end":{"line":75,"column":53}}],"line":75},"17":{"loc":{"start":{"line":77,"column":12},"end":{"line":81,"column":13}},"type":"if","locations":[{"start":{"line":77,"column":12},"end":{"line":81,"column":13}},{"start":{"line":77,"column":12},"end":{"line":81,"column":13}}],"line":77},"18":{"loc":{"start":{"line":79,"column":16},"end":{"line":80,"column":57}},"type":"if","locations":[{"start":{"line":79,"column":16},"end":{"line":80,"column":57}},{"start":{"line":79,"column":16},"end":{"line":80,"column":57}}],"line":79},"19":{"loc":{"start":{"line":84,"column":4},"end":{"line":85,"column":30}},"type":"if","locations":[{"start":{"line":84,"column":4},"end":{"line":85,"column":30}},{"start":{"line":84,"column":4},"end":{"line":85,"column":30}}],"line":84},"20":{"loc":{"start":{"line":84,"column":8},"end":{"line":84,"column":61}},"type":"binary-expr","locations":[{"start":{"line":84,"column":8},"end":{"line":84,"column":22}},{"start":{"line":84,"column":26},"end":{"line":84,"column":61}}],"line":84}},"s":{"0":1,"1":1,"2":1,"3":5,"4":5,"5":5,"6":1,"7":9,"8":9,"9":9,"10":9,"11":9,"12":21,"13":21,"14":21,"15":21,"16":21,"17":25,"18":0,"19":0,"20":25,"21":25,"22":0,"23":25,"24":7,"25":7,"26":7,"27":1,"28":1,"29":1,"30":6,"31":6,"32":18,"33":18,"34":18,"35":18,"36":21,"37":3,"38":0,"39":3,"40":1,"41":1,"42":2,"43":2,"44":2,"45":1,"46":0,"47":0,"48":0,"49":2,"50":2,"51":18,"52":3,"53":18,"54":18,"55":18,"56":18,"57":18,"58":1,"59":9,"60":8},"f":{"0":5,"1":9},"b":{"0":[9,0],"1":[9,9],"2":[0,25],"3":[0,25],"4":[7,18],"5":[1,6],"6":[3,18],"7":[0,3],"8":[1,2],"9":[1,1],"10":[0,1],"11":[0,0],"12":[2,2],"13":[3,15],"14":[18,18],"15":[18,0],"16":[18,0],"17":[18,0],"18":[1,17],"19":[8,1],"20":[9,9]},"_coverageSchema":"43e27e138ebf9cfc5966b082cf9a028302ed4184","hash":"22b1d73a9f3d1ecc01a66d302d06332c55f651bd","contentHash":"08421207de0267a87e30abcc3f46195d"}}